#
# There is insufficient memory for the Java Runtime Environment to continue.
# Native memory allocation (mmap) failed to map 266338304 bytes for G1 virtual space
# Possible reasons:
#   The system is out of physical RAM or swap space
#   The process is running with CompressedOops enabled, and the Java Heap may be blocking the growth of the native heap
# Possible solutions:
#   Reduce memory load on the system
#   Increase physical memory or swap space
#   Check if swap backing store is full
#   Decrease Java heap size (-Xmx/-Xms)
#   Decrease number of Java threads
#   Decrease Java thread stack sizes (-Xss)
#   Set larger code cache with -XX:ReservedCodeCacheSize=
#   JVM is running with Unscaled Compressed Oops mode in which the Java heap is
#     placed in the first 4GB address space. The Java Heap base address is the
#     maximum limit for the native heap growth. Please use -XX:HeapBaseMinAddress
#     to set the Java Heap base and to place the Java Heap above 4GB virtual address.
# This output file may be truncated or incomplete.
#
#  Out of Memory Error (os_windows.cpp:3536), pid=3084, tid=1136
#
# JRE version: Java(TM) SE Runtime Environment (19.0.2+7) (build 19.0.2+7-44)
# Java VM: Java HotSpot(TM) 64-Bit Server VM (19.0.2+7-44, mixed mode, sharing, tiered, compressed oops, compressed class ptrs, g1 gc, windows-amd64)
# No core dump will be written. Minidumps are not enabled by default on client versions of Windows
#

---------------  S U M M A R Y ------------

Command Line: -javaagent:C:\Program Files\JetBrains\IntelliJ IDEA Community Edition 2022.3.2\lib\idea_rt.jar=65430:C:\Program Files\JetBrains\IntelliJ IDEA Community Edition 2022.3.2\bin -Dfile.encoding=UTF-8 -Dsun.stdout.encoding=UTF-8 -Dsun.stderr.encoding=UTF-8 --module-path=C:\Users\Поля\.m2\repository\com\dlsc\formsfx\formsfx-core\11.5.0\formsfx-core-11.5.0.jar;D:\JAVAPROG\Kurs3\engineeringandArchitecture\sortingLaba1\target\classes;C:\Users\Поля\.m2\repository\org\openjfx\javafx-base\19\javafx-base-19-win.jar;C:\Users\Поля\.m2\repository\org\openjfx\javafx-graphics\19\javafx-graphics-19-win.jar;C:\Users\Поля\.m2\repository\org\openjfx\javafx-controls\19\javafx-controls-19-win.jar;C:\Users\Поля\.m2\repository\org\openjfx\javafx-fxml\19\javafx-fxml-19-win.jar;C:\Users\Поля\.m2\repository\org\controlsfx\controlsfx\11.1.2\controlsfx-11.1.2.jar;C:\Users\Поля\.m2\repository\org\kordamp\bootstrapfx\bootstrapfx-core\0.4.0\bootstrapfx-core-0.4.0.jar -Djdk.module.main=sorting.laba1.sortinglaba1 sorting.laba1.sortinglaba1/sorting.laba1.sortinglaba1.DiceGame

Host: AMD Ryzen 5 3500U with Radeon Vega Mobile Gfx  , 8 cores, 5G,  Windows 10 , 64 bit Build 19041 (10.0.19041.546)
Time: Tue Sep 19 23:29:13 2023 RTZ 2 (s 10 , 64 bit Build 19041 (10.0.19041.546) elapsed time: 2.077341 seconds (0d 0h 0m 2s)

---------------  T H R E A D  ---------------

Current thread (0x000001bb7c4c16a0):  VMThread "VM Thread" [stack: 0x0000003478200000,0x0000003478300000] [id=1136]

Stack: [0x0000003478200000,0x0000003478300000]
Native frames: (J=compiled Java code, j=interpreted, Vv=VM code, C=native code)
V  [jvm.dll+0x6ee21a]
V  [jvm.dll+0x85765e]
V  [jvm.dll+0x85904e]
V  [jvm.dll+0x859703]
V  [jvm.dll+0x28298f]
V  [jvm.dll+0x6eb009]
V  [jvm.dll+0x6dfbaa]
V  [jvm.dll+0x3573f6]
V  [jvm.dll+0x35ee56]
V  [jvm.dll+0x3b541e]
V  [jvm.dll+0x3b564f]
V  [jvm.dll+0x32c9ea]
V  [jvm.dll+0x32ca97]
V  [jvm.dll+0x374cd2]
V  [jvm.dll+0x37340f]
V  [jvm.dll+0x32c210]
V  [jvm.dll+0x372ccd]
V  [jvm.dll+0x85ebc3]
V  [jvm.dll+0x85f989]
V  [jvm.dll+0x85febd]
V  [jvm.dll+0x86034b]
V  [jvm.dll+0x860407]
V  [jvm.dll+0x80125a]
V  [jvm.dll+0x6ecf0b]
C  [ucrtbase.dll+0x214c2]
C  [KERNEL32.DLL+0x17034]
C  [ntdll.dll+0x4cec1]

VM_Operation (0x00000034794fc4e8): G1TryInitiateConcMark, mode: safepoint, requested by thread 0x000001bb7d2aab00


---------------  P R O C E S S  ---------------

Threads class SMR info:
_java_thread_list=0x000001bb7d6e7090, length=19, elements={
0x000001bb5ef9b290, 0x000001bb7c4d86a0, 0x000001bb7c4d9490, 0x000001bb7c4de7f0,
0x000001bb7c4e1130, 0x000001bb7c4e1ba0, 0x000001bb7c4e5b10, 0x000001bb7c4ea8d0,
0x000001bb7c4f53a0, 0x000001bb7c553c50, 0x000001bb7c4afad0, 0x000001bb7c727e00,
0x000001bb7ceb1f80, 0x000001bb7d22a040, 0x000001bb7d2f33c0, 0x000001bb7d2aab00,
0x000001bb7d2f43d0, 0x000001bb7d6a8240, 0x000001bb7d30eb80
}

Java Threads: ( => current thread )
  0x000001bb5ef9b290 JavaThread "main" [_thread_blocked, id=3876, stack(0x0000003477c00000,0x0000003477d00000)]
  0x000001bb7c4d86a0 JavaThread "Reference Handler" daemon [_thread_blocked, id=15284, stack(0x0000003478300000,0x0000003478400000)]
  0x000001bb7c4d9490 JavaThread "Finalizer" daemon [_thread_blocked, id=10164, stack(0x0000003478400000,0x0000003478500000)]
  0x000001bb7c4de7f0 JavaThread "Signal Dispatcher" daemon [_thread_blocked, id=14340, stack(0x0000003478500000,0x0000003478600000)]
  0x000001bb7c4e1130 JavaThread "Attach Listener" daemon [_thread_blocked, id=2316, stack(0x0000003478600000,0x0000003478700000)]
  0x000001bb7c4e1ba0 JavaThread "Service Thread" daemon [_thread_blocked, id=16208, stack(0x0000003478700000,0x0000003478800000)]
  0x000001bb7c4e5b10 JavaThread "Monitor Deflation Thread" daemon [_thread_blocked, id=15460, stack(0x0000003478800000,0x0000003478900000)]
  0x000001bb7c4ea8d0 JavaThread "C2 CompilerThread0" daemon [_thread_blocked, id=6732, stack(0x0000003478900000,0x0000003478a00000)]
  0x000001bb7c4f53a0 JavaThread "C1 CompilerThread0" daemon [_thread_blocked, id=10680, stack(0x0000003478a00000,0x0000003478b00000)]
  0x000001bb7c553c50 JavaThread "Sweeper thread" daemon [_thread_blocked, id=12688, stack(0x0000003478b00000,0x0000003478c00000)]
  0x000001bb7c4afad0 JavaThread "Common-Cleaner" daemon [_thread_blocked, id=14576, stack(0x0000003478c00000,0x0000003478d00000)]
  0x000001bb7c727e00 JavaThread "Monitor Ctrl-Break" daemon [_thread_in_native, id=5376, stack(0x0000003478f00000,0x0000003479000000)]
  0x000001bb7ceb1f80 JavaThread "Notification Thread" daemon [_thread_blocked, id=1596, stack(0x0000003479000000,0x0000003479100000)]
  0x000001bb7d22a040 JavaThread "QuantumRenderer-0" daemon [_thread_blocked, id=2812, stack(0x0000003478d00000,0x0000003478e00000)]
  0x000001bb7d2f33c0 JavaThread "InvokeLaterDispatcher" daemon [_thread_blocked, id=6576, stack(0x0000003479300000,0x0000003479400000)]
  0x000001bb7d2aab00 JavaThread "JavaFX Application Thread" [_thread_blocked, id=11760, stack(0x0000003479400000,0x0000003479500000)]
  0x000001bb7d2f43d0 JavaThread "C2 CompilerThread1" daemon [_thread_blocked, id=16656, stack(0x0000003479a00000,0x0000003479b00000)]
  0x000001bb7d6a8240 JavaThread "Thread-1" daemon [_thread_blocked, id=11072, stack(0x0000003479d00000,0x0000003479e00000)]
  0x000001bb7d30eb80 JavaThread "JavaFX-Launcher" [_thread_blocked, id=15500, stack(0x0000003479e00000,0x0000003479f00000)]

Other Threads:
=>0x000001bb7c4c16a0 VMThread "VM Thread" [stack: 0x0000003478200000,0x0000003478300000] [id=1136]
  0x000001bb7cd96bb0 WatcherThread "VM Periodic Task Thread" [stack: 0x0000003479100000,0x0000003479200000] [id=13496]
  0x000001bb5efebac0 WorkerThread "GC Thread#0" [stack: 0x0000003477d00000,0x0000003477e00000] [id=14044]
  0x000001bb7d6f8ed0 WorkerThread "GC Thread#1" [stack: 0x0000003479f00000,0x000000347a000000] [id=10232]
  0x000001bb7d6f91a0 WorkerThread "GC Thread#2" [stack: 0x000000347a000000,0x000000347a100000] [id=17244]
  0x000001bb7d6f9a10 WorkerThread "GC Thread#3" [stack: 0x000000347a100000,0x000000347a200000] [id=14708]
  0x000001bb7d6f9470 WorkerThread "GC Thread#4" [stack: 0x000000347a200000,0x000000347a300000] [id=9640]
  0x000001bb7d6fa550 WorkerThread "GC Thread#5" [stack: 0x000000347a300000,0x000000347a400000] [id=13396]
  0x000001bb7d6f9740 WorkerThread "GC Thread#6" [stack: 0x000000347a400000,0x000000347a500000] [id=10160]
  0x000001bb7d6fa820 WorkerThread "GC Thread#7" [stack: 0x000000347a500000,0x000000347a600000] [id=1072]
  0x000001bb5effaa60 ConcurrentGCThread "G1 Main Marker" [stack: 0x0000003477e00000,0x0000003477f00000] [id=15252]
  0x000001bb5effbc30 WorkerThread "G1 Conc#0" [stack: 0x0000003477f00000,0x0000003478000000] [id=12516]
  0x000001bb7d6f9ce0 WorkerThread "G1 Conc#1" [stack: 0x000000347a600000,0x000000347a700000] [id=14748]
  0x000001bb5f069ab0 ConcurrentGCThread "G1 Refine#0" [stack: 0x0000003478000000,0x0000003478100000] [id=17052]
  0x000001bb7c3816f0 ConcurrentGCThread "G1 Service" [stack: 0x0000003478100000,0x0000003478200000] [id=16004]

Threads with active compile tasks:

VM state: at safepoint (normal execution)

VM Mutex/Monitor currently owned by a thread:  ([mutex/lock_event])
[0x000001bb5ef96140] Threads_lock - owner thread: 0x000001bb7c4c16a0
[0x000001bb5ef96920] Heap_lock - owner thread: 0x000001bb7d2aab00

Heap address: 0x00000000a0c00000, size: 1524 MB, Compressed Oops mode: 32-bit

CDS archive(s) mapped at: [0x0000000800000000-0x0000000800c40000-0x0000000800c40000), size 12845056, SharedBaseAddress: 0x0000000800000000, ArchiveRelocationMode: 0.
Compressed class space mapped at: 0x0000000801000000-0x0000000841000000, reserved size: 1073741824
Narrow klass base: 0x0000000800000000, Narrow klass shift: 0, Narrow klass range: 0x100000000

GC Precious Log:
 CardTable entry size: 512
 Card Set container configuration: InlinePtr #cards 5 size 8 Array Of Cards #cards 12 size 40 Howl #buckets 4 coarsen threshold 1843 Howl Bitmap #cards 512 size 80 coarsen threshold 460 Card regions per heap region 1 cards per card region 2048
 CPUs: 8 total, 8 available
 Memory: 6091M
 Large Page Support: Disabled
 NUMA Support: Disabled
 Compressed Oops: Enabled (32-bit)
 Heap Region Size: 1M
 Heap Min Capacity: 8M
 Heap Initial Capacity: 96M
 Heap Max Capacity: 1524M
 Pre-touch: Disabled
 Parallel Workers: 8
 Concurrent Workers: 2
 Concurrent Refinement Workers: 8
 Periodic GC: Disabled

Heap:
 garbage-first heap   total 261120K, used 122732K [0x00000000a0c00000, 0x0000000100000000)
  region size 1024K, 1 young (1024K), 1 survivors (1024K)
 Metaspace       used 6597K, committed 6784K, reserved 1114112K
  class space    used 781K, committed 896K, reserved 1048576K

Heap Regions: E=young(eden), S=young(survivor), O=old, HS=humongous(starts), HC=humongous(continues), CS=collection set, F=free, OA=open archive, CA=closed archive, TAMS=top-at-mark-start (previous, next)
|   0|0x00000000a0c00000, 0x00000000a0d00000, 0x00000000a0d00000|100%| O|  |TAMS 0x00000000a0d00000, 0x00000000a0d00000| Untracked 
|   1|0x00000000a0d00000, 0x00000000a0e00000, 0x00000000a0e00000|100%|HS|  |TAMS 0x00000000a0e00000, 0x00000000a0e00000| Complete 
|   2|0x00000000a0e00000, 0x00000000a0f00000, 0x00000000a0f00000|100%|HS|  |TAMS 0x00000000a0f00000, 0x00000000a0f00000| Complete 
|   3|0x00000000a0f00000, 0x00000000a1000000, 0x00000000a1000000|100%|HS|  |TAMS 0x00000000a1000000, 0x00000000a1000000| Complete 
|   4|0x00000000a1000000, 0x00000000a1100000, 0x00000000a1100000|100%|HS|  |TAMS 0x00000000a1100000, 0x00000000a1100000| Complete 
|   5|0x00000000a1100000, 0x00000000a1200000, 0x00000000a1200000|100%|HS|  |TAMS 0x00000000a1200000, 0x00000000a1200000| Complete 
|   6|0x00000000a1200000, 0x00000000a1300000, 0x00000000a1300000|100%|HS|  |TAMS 0x00000000a1300000, 0x00000000a1300000| Complete 
|   7|0x00000000a1300000, 0x00000000a1400000, 0x00000000a1400000|100%|HS|  |TAMS 0x00000000a1400000, 0x00000000a1400000| Complete 
|   8|0x00000000a1400000, 0x00000000a1500000, 0x00000000a1500000|100%|HS|  |TAMS 0x00000000a1500000, 0x00000000a1500000| Complete 
|   9|0x00000000a1500000, 0x00000000a1600000, 0x00000000a1600000|100%|HS|  |TAMS 0x00000000a1600000, 0x00000000a1600000| Complete 
|  10|0x00000000a1600000, 0x00000000a1700000, 0x00000000a1700000|100%|HS|  |TAMS 0x00000000a1700000, 0x00000000a1700000| Complete 
|  11|0x00000000a1700000, 0x00000000a1800000, 0x00000000a1800000|100%|HS|  |TAMS 0x00000000a1800000, 0x00000000a1800000| Complete 
|  12|0x00000000a1800000, 0x00000000a1900000, 0x00000000a1900000|100%|HS|  |TAMS 0x00000000a1900000, 0x00000000a1900000| Complete 
|  13|0x00000000a1900000, 0x00000000a1a00000, 0x00000000a1a00000|100%|HS|  |TAMS 0x00000000a1a00000, 0x00000000a1a00000| Complete 
|  14|0x00000000a1a00000, 0x00000000a1b00000, 0x00000000a1b00000|100%|HS|  |TAMS 0x00000000a1b00000, 0x00000000a1b00000| Complete 
|  15|0x00000000a1b00000, 0x00000000a1c00000, 0x00000000a1c00000|100%|HS|  |TAMS 0x00000000a1c00000, 0x00000000a1c00000| Complete 
|  16|0x00000000a1c00000, 0x00000000a1d00000, 0x00000000a1d00000|100%|HS|  |TAMS 0x00000000a1d00000, 0x00000000a1d00000| Complete 
|  17|0x00000000a1d00000, 0x00000000a1e00000, 0x00000000a1e00000|100%|HS|  |TAMS 0x00000000a1e00000, 0x00000000a1e00000| Complete 
|  18|0x00000000a1e00000, 0x00000000a1f00000, 0x00000000a1f00000|100%|HS|  |TAMS 0x00000000a1f00000, 0x00000000a1f00000| Complete 
|  19|0x00000000a1f00000, 0x00000000a2000000, 0x00000000a2000000|100%|HS|  |TAMS 0x00000000a2000000, 0x00000000a2000000| Complete 
|  20|0x00000000a2000000, 0x00000000a2100000, 0x00000000a2100000|100%|HS|  |TAMS 0x00000000a2100000, 0x00000000a2100000| Complete 
|  21|0x00000000a2100000, 0x00000000a2200000, 0x00000000a2200000|100%|HS|  |TAMS 0x00000000a2200000, 0x00000000a2200000| Complete 
|  22|0x00000000a2200000, 0x00000000a2300000, 0x00000000a2300000|100%|HS|  |TAMS 0x00000000a2300000, 0x00000000a2300000| Complete 
|  23|0x00000000a2300000, 0x00000000a2400000, 0x00000000a2400000|100%|HS|  |TAMS 0x00000000a2400000, 0x00000000a2400000| Complete 
|  24|0x00000000a2400000, 0x00000000a2500000, 0x00000000a2500000|100%|HS|  |TAMS 0x00000000a2500000, 0x00000000a2500000| Complete 
|  25|0x00000000a2500000, 0x00000000a2600000, 0x00000000a2600000|100%|HS|  |TAMS 0x00000000a2600000, 0x00000000a2600000| Complete 
|  26|0x00000000a2600000, 0x00000000a2700000, 0x00000000a2700000|100%|HS|  |TAMS 0x00000000a2700000, 0x00000000a2700000| Complete 
|  27|0x00000000a2700000, 0x00000000a2800000, 0x00000000a2800000|100%|HS|  |TAMS 0x00000000a2800000, 0x00000000a2800000| Complete 
|  28|0x00000000a2800000, 0x00000000a2900000, 0x00000000a2900000|100%|HS|  |TAMS 0x00000000a2900000, 0x00000000a2900000| Complete 
|  29|0x00000000a2900000, 0x00000000a2a00000, 0x00000000a2a00000|100%|HS|  |TAMS 0x00000000a2a00000, 0x00000000a2a00000| Complete 
|  30|0x00000000a2a00000, 0x00000000a2b00000, 0x00000000a2b00000|100%|HS|  |TAMS 0x00000000a2b00000, 0x00000000a2b00000| Complete 
|  31|0x00000000a2b00000, 0x00000000a2c00000, 0x00000000a2c00000|100%|HS|  |TAMS 0x00000000a2c00000, 0x00000000a2c00000| Complete 
|  32|0x00000000a2c00000, 0x00000000a2d00000, 0x00000000a2d00000|100%|HS|  |TAMS 0x00000000a2d00000, 0x00000000a2d00000| Complete 
|  33|0x00000000a2d00000, 0x00000000a2e00000, 0x00000000a2e00000|100%|HS|  |TAMS 0x00000000a2e00000, 0x00000000a2e00000| Complete 
|  34|0x00000000a2e00000, 0x00000000a2f00000, 0x00000000a2f00000|100%|HS|  |TAMS 0x00000000a2f00000, 0x00000000a2f00000| Complete 
|  35|0x00000000a2f00000, 0x00000000a3000000, 0x00000000a3000000|100%|HS|  |TAMS 0x00000000a3000000, 0x00000000a3000000| Complete 
|  36|0x00000000a3000000, 0x00000000a3100000, 0x00000000a3100000|100%|HS|  |TAMS 0x00000000a3100000, 0x00000000a3100000| Complete 
|  37|0x00000000a3100000, 0x00000000a3200000, 0x00000000a3200000|100%|HS|  |TAMS 0x00000000a3200000, 0x00000000a3200000| Complete 
|  38|0x00000000a3200000, 0x00000000a3300000, 0x00000000a3300000|100%|HS|  |TAMS 0x00000000a3300000, 0x00000000a3300000| Complete 
|  39|0x00000000a3300000, 0x00000000a3400000, 0x00000000a3400000|100%|HS|  |TAMS 0x00000000a3400000, 0x00000000a3400000| Complete 
|  40|0x00000000a3400000, 0x00000000a3500000, 0x00000000a3500000|100%|HS|  |TAMS 0x00000000a3500000, 0x00000000a3500000| Complete 
|  41|0x00000000a3500000, 0x00000000a3600000, 0x00000000a3600000|100%|HS|  |TAMS 0x00000000a3600000, 0x00000000a3600000| Complete 
|  42|0x00000000a3600000, 0x00000000a3700000, 0x00000000a3700000|100%|HS|  |TAMS 0x00000000a3700000, 0x00000000a3700000| Complete 
|  43|0x00000000a3700000, 0x00000000a3800000, 0x00000000a3800000|100%|HS|  |TAMS 0x00000000a3800000, 0x00000000a3800000| Complete 
|  44|0x00000000a3800000, 0x00000000a3900000, 0x00000000a3900000|100%| O|  |TAMS 0x00000000a3900000, 0x00000000a3900000| Untracked 
|  45|0x00000000a3900000, 0x00000000a3a00000, 0x00000000a3a00000|100%| O|  |TAMS 0x00000000a3a00000, 0x00000000a3a00000| Untracked 
|  46|0x00000000a3a00000, 0x00000000a3b00000, 0x00000000a3b00000|100%|HS|  |TAMS 0x00000000a3b00000, 0x00000000a3b00000| Complete 
|  47|0x00000000a3b00000, 0x00000000a3c00000, 0x00000000a3c00000|100%|HS|  |TAMS 0x00000000a3c00000, 0x00000000a3c00000| Complete 
|  48|0x00000000a3c00000, 0x00000000a3d00000, 0x00000000a3d00000|100%|HS|  |TAMS 0x00000000a3d00000, 0x00000000a3d00000| Complete 
|  49|0x00000000a3d00000, 0x00000000a3e00000, 0x00000000a3e00000|100%|HS|  |TAMS 0x00000000a3e00000, 0x00000000a3e00000| Complete 
|  50|0x00000000a3e00000, 0x00000000a3f00000, 0x00000000a3f00000|100%|HS|  |TAMS 0x00000000a3f00000, 0x00000000a3f00000| Complete 
|  51|0x00000000a3f00000, 0x00000000a4000000, 0x00000000a4000000|100%|HS|  |TAMS 0x00000000a4000000, 0x00000000a4000000| Complete 
|  52|0x00000000a4000000, 0x00000000a4100000, 0x00000000a4100000|100%|HS|  |TAMS 0x00000000a4100000, 0x00000000a4100000| Complete 
|  53|0x00000000a4100000, 0x00000000a4200000, 0x00000000a4200000|100%|HS|  |TAMS 0x00000000a4200000, 0x00000000a4200000| Complete 
|  54|0x00000000a4200000, 0x00000000a4300000, 0x00000000a4300000|100%|HS|  |TAMS 0x00000000a4300000, 0x00000000a4300000| Complete 
|  55|0x00000000a4300000, 0x00000000a4400000, 0x00000000a4400000|100%|HS|  |TAMS 0x00000000a4400000, 0x00000000a4400000| Complete 
|  56|0x00000000a4400000, 0x00000000a4500000, 0x00000000a4500000|100%|HS|  |TAMS 0x00000000a4500000, 0x00000000a4500000| Complete 
|  57|0x00000000a4500000, 0x00000000a4600000, 0x00000000a4600000|100%|HS|  |TAMS 0x00000000a4600000, 0x00000000a4600000| Complete 
|  58|0x00000000a4600000, 0x00000000a4700000, 0x00000000a4700000|100%|HS|  |TAMS 0x00000000a4700000, 0x00000000a4700000| Complete 
|  59|0x00000000a4700000, 0x00000000a4800000, 0x00000000a4800000|100%|HS|  |TAMS 0x00000000a4800000, 0x00000000a4800000| Complete 
|  60|0x00000000a4800000, 0x00000000a4900000, 0x00000000a4900000|100%|HS|  |TAMS 0x00000000a4900000, 0x00000000a4900000| Complete 
|  61|0x00000000a4900000, 0x00000000a4a00000, 0x00000000a4a00000|100%|HS|  |TAMS 0x00000000a4a00000, 0x00000000a4a00000| Complete 
|  62|0x00000000a4a00000, 0x00000000a4b00000, 0x00000000a4b00000|100%|HS|  |TAMS 0x00000000a4b00000, 0x00000000a4b00000| Complete 
|  63|0x00000000a4b00000, 0x00000000a4c00000, 0x00000000a4c00000|100%|HS|  |TAMS 0x00000000a4c00000, 0x00000000a4c00000| Complete 
|  64|0x00000000a4c00000, 0x00000000a4d00000, 0x00000000a4d00000|100%|HS|  |TAMS 0x00000000a4d00000, 0x00000000a4d00000| Complete 
|  65|0x00000000a4d00000, 0x00000000a4e00000, 0x00000000a4e00000|100%|HS|  |TAMS 0x00000000a4e00000, 0x00000000a4e00000| Complete 
|  66|0x00000000a4e00000, 0x00000000a4f00000, 0x00000000a4f00000|100%|HS|  |TAMS 0x00000000a4f00000, 0x00000000a4f00000| Complete 
|  67|0x00000000a4f00000, 0x00000000a5000000, 0x00000000a5000000|100%|HS|  |TAMS 0x00000000a5000000, 0x00000000a5000000| Complete 
|  68|0x00000000a5000000, 0x00000000a5100000, 0x00000000a5100000|100%|HS|  |TAMS 0x00000000a5100000, 0x00000000a5100000| Complete 
|  69|0x00000000a5100000, 0x00000000a5200000, 0x00000000a5200000|100%|HS|  |TAMS 0x00000000a5200000, 0x00000000a5200000| Complete 
|  70|0x00000000a5200000, 0x00000000a5300000, 0x00000000a5300000|100%|HS|  |TAMS 0x00000000a5300000, 0x00000000a5300000| Complete 
|  71|0x00000000a5300000, 0x00000000a5400000, 0x00000000a5400000|100%|HS|  |TAMS 0x00000000a5400000, 0x00000000a5400000| Complete 
|  72|0x00000000a5400000, 0x00000000a5500000, 0x00000000a5500000|100%|HS|  |TAMS 0x00000000a5500000, 0x00000000a5500000| Complete 
|  73|0x00000000a5500000, 0x00000000a5600000, 0x00000000a5600000|100%|HS|  |TAMS 0x00000000a5600000, 0x00000000a5600000| Complete 
|  74|0x00000000a5600000, 0x00000000a5700000, 0x00000000a5700000|100%|HS|  |TAMS 0x00000000a5700000, 0x00000000a5700000| Complete 
|  75|0x00000000a5700000, 0x00000000a5800000, 0x00000000a5800000|100%|HS|  |TAMS 0x00000000a5800000, 0x00000000a5800000| Complete 
|  76|0x00000000a5800000, 0x00000000a5900000, 0x00000000a5900000|100%|HS|  |TAMS 0x00000000a5900000, 0x00000000a5900000| Complete 
|  77|0x00000000a5900000, 0x00000000a5a00000, 0x00000000a5a00000|100%|HS|  |TAMS 0x00000000a5a00000, 0x00000000a5a00000| Complete 
|  78|0x00000000a5a00000, 0x00000000a5b00000, 0x00000000a5b00000|100%|HS|  |TAMS 0x00000000a5b00000, 0x00000000a5b00000| Complete 
|  79|0x00000000a5b00000, 0x00000000a5c00000, 0x00000000a5c00000|100%|HS|  |TAMS 0x00000000a5c00000, 0x00000000a5c00000| Complete 
|  80|0x00000000a5c00000, 0x00000000a5d00000, 0x00000000a5d00000|100%|HS|  |TAMS 0x00000000a5d00000, 0x00000000a5d00000| Complete 
|  81|0x00000000a5d00000, 0x00000000a5e00000, 0x00000000a5e00000|100%|HS|  |TAMS 0x00000000a5e00000, 0x00000000a5e00000| Complete 
|  82|0x00000000a5e00000, 0x00000000a5f00000, 0x00000000a5f00000|100%|HS|  |TAMS 0x00000000a5f00000, 0x00000000a5f00000| Complete 
|  83|0x00000000a5f00000, 0x00000000a6000000, 0x00000000a6000000|100%|HS|  |TAMS 0x00000000a6000000, 0x00000000a6000000| Complete 
|  84|0x00000000a6000000, 0x00000000a6100000, 0x00000000a6100000|100%|HS|  |TAMS 0x00000000a6100000, 0x00000000a6100000| Complete 
|  85|0x00000000a6100000, 0x00000000a6200000, 0x00000000a6200000|100%|HS|  |TAMS 0x00000000a6200000, 0x00000000a6200000| Complete 
|  86|0x00000000a6200000, 0x00000000a6300000, 0x00000000a6300000|100%|HS|  |TAMS 0x00000000a6300000, 0x00000000a6300000| Complete 
|  87|0x00000000a6300000, 0x00000000a6400000, 0x00000000a6400000|100%|HS|  |TAMS 0x00000000a6400000, 0x00000000a6400000| Complete 
|  88|0x00000000a6400000, 0x00000000a6500000, 0x00000000a6500000|100%|HS|  |TAMS 0x00000000a6500000, 0x00000000a6500000| Complete 
|  89|0x00000000a6500000, 0x00000000a6600000, 0x00000000a6600000|100%|HS|  |TAMS 0x00000000a6600000, 0x00000000a6600000| Complete 
|  90|0x00000000a6600000, 0x00000000a6700000, 0x00000000a6700000|100%|HS|  |TAMS 0x00000000a6700000, 0x00000000a6700000| Complete 
|  91|0x00000000a6700000, 0x00000000a6800000, 0x00000000a6800000|100%|HS|  |TAMS 0x00000000a6800000, 0x00000000a6800000| Complete 
|  92|0x00000000a6800000, 0x00000000a6900000, 0x00000000a6900000|100%|HS|  |TAMS 0x00000000a6900000, 0x00000000a6900000| Complete 
|  93|0x00000000a6900000, 0x00000000a6a00000, 0x00000000a6a00000|100%|HS|  |TAMS 0x00000000a6a00000, 0x00000000a6a00000| Complete 
|  94|0x00000000a6a00000, 0x00000000a6b00000, 0x00000000a6b00000|100%|HS|  |TAMS 0x00000000a6b00000, 0x00000000a6b00000| Complete 
|  95|0x00000000a6b00000, 0x00000000a6c00000, 0x00000000a6c00000|100%|HS|  |TAMS 0x00000000a6c00000, 0x00000000a6c00000| Complete 
|  96|0x00000000a6c00000, 0x00000000a6d00000, 0x00000000a6d00000|100%|HS|  |TAMS 0x00000000a6d00000, 0x00000000a6d00000| Complete 
|  97|0x00000000a6d00000, 0x00000000a6e00000, 0x00000000a6e00000|100%|HS|  |TAMS 0x00000000a6e00000, 0x00000000a6e00000| Complete 
|  98|0x00000000a6e00000, 0x00000000a6f00000, 0x00000000a6f00000|100%|HS|  |TAMS 0x00000000a6f00000, 0x00000000a6f00000| Complete 
|  99|0x00000000a6f00000, 0x00000000a7000000, 0x00000000a7000000|100%|HS|  |TAMS 0x00000000a7000000, 0x00000000a7000000| Complete 
| 100|0x00000000a7000000, 0x00000000a7100000, 0x00000000a7100000|100%|HS|  |TAMS 0x00000000a7100000, 0x00000000a7100000| Complete 
| 101|0x00000000a7100000, 0x00000000a7200000, 0x00000000a7200000|100%|HS|  |TAMS 0x00000000a7200000, 0x00000000a7200000| Complete 
| 102|0x00000000a7200000, 0x00000000a7300000, 0x00000000a7300000|100%|HS|  |TAMS 0x00000000a7300000, 0x00000000a7300000| Complete 
| 103|0x00000000a7300000, 0x00000000a7400000, 0x00000000a7400000|100%|HS|  |TAMS 0x00000000a7400000, 0x00000000a7400000| Complete 
| 104|0x00000000a7400000, 0x00000000a7500000, 0x00000000a7500000|100%|HS|  |TAMS 0x00000000a7500000, 0x00000000a7500000| Complete 
| 105|0x00000000a7500000, 0x00000000a7600000, 0x00000000a7600000|100%|HS|  |TAMS 0x00000000a7600000, 0x00000000a7600000| Complete 
| 106|0x00000000a7600000, 0x00000000a7700000, 0x00000000a7700000|100%|HS|  |TAMS 0x00000000a7700000, 0x00000000a7700000| Complete 
| 107|0x00000000a7700000, 0x00000000a7800000, 0x00000000a7800000|100%|HS|  |TAMS 0x00000000a7800000, 0x00000000a7800000| Complete 
| 108|0x00000000a7800000, 0x00000000a7900000, 0x00000000a7900000|100%|HS|  |TAMS 0x00000000a7900000, 0x00000000a7900000| Complete 
| 109|0x00000000a7900000, 0x00000000a7a00000, 0x00000000a7a00000|100%|HS|  |TAMS 0x00000000a7a00000, 0x00000000a7a00000| Complete 
| 110|0x00000000a7a00000, 0x00000000a7b00000, 0x00000000a7b00000|100%|HS|  |TAMS 0x00000000a7b00000, 0x00000000a7b00000| Complete 
| 111|0x00000000a7b00000, 0x00000000a7c00000, 0x00000000a7c00000|100%|HS|  |TAMS 0x00000000a7c00000, 0x00000000a7c00000| Complete 
| 112|0x00000000a7c00000, 0x00000000a7d00000, 0x00000000a7d00000|100%|HS|  |TAMS 0x00000000a7d00000, 0x00000000a7d00000| Complete 
| 113|0x00000000a7d00000, 0x00000000a7e00000, 0x00000000a7e00000|100%|HS|  |TAMS 0x00000000a7e00000, 0x00000000a7e00000| Complete 
| 114|0x00000000a7e00000, 0x00000000a7f00000, 0x00000000a7f00000|100%|HS|  |TAMS 0x00000000a7f00000, 0x00000000a7f00000| Complete 
| 115|0x00000000a7f00000, 0x00000000a8000000, 0x00000000a8000000|100%|HS|  |TAMS 0x00000000a8000000, 0x00000000a8000000| Complete 
| 116|0x00000000a8000000, 0x00000000a8100000, 0x00000000a8100000|100%|HS|  |TAMS 0x00000000a8100000, 0x00000000a8100000| Complete 
| 117|0x00000000a8100000, 0x00000000a8200000, 0x00000000a8200000|100%|HS|  |TAMS 0x00000000a8100000, 0x00000000a8200000| Complete 
| 118|0x00000000a8200000, 0x00000000a8300000, 0x00000000a8300000|100%|HS|  |TAMS 0x00000000a8200000, 0x00000000a8300000| Complete 
| 119|0x00000000a8300000, 0x00000000a8300000, 0x00000000a8400000|  0%| F|  |TAMS 0x00000000a8300000, 0x00000000a8300000| Untracked 
| 120|0x00000000a8400000, 0x00000000a8400000, 0x00000000a8500000|  0%| F|  |TAMS 0x00000000a8400000, 0x00000000a8400000| Untracked 
| 121|0x00000000a8500000, 0x00000000a8500000, 0x00000000a8600000|  0%| F|  |TAMS 0x00000000a8500000, 0x00000000a8500000| Untracked 
| 122|0x00000000a8600000, 0x00000000a8600000, 0x00000000a8700000|  0%| F|  |TAMS 0x00000000a8600000, 0x00000000a8600000| Untracked 
| 123|0x00000000a8700000, 0x00000000a8700000, 0x00000000a8800000|  0%| F|  |TAMS 0x00000000a8700000, 0x00000000a8700000| Untracked 
| 124|0x00000000a8800000, 0x00000000a8800000, 0x00000000a8900000|  0%| F|  |TAMS 0x00000000a8800000, 0x00000000a8800000| Untracked 
| 125|0x00000000a8900000, 0x00000000a8900000, 0x00000000a8a00000|  0%| F|  |TAMS 0x00000000a8900000, 0x00000000a8900000| Untracked 
| 126|0x00000000a8a00000, 0x00000000a8a00000, 0x00000000a8b00000|  0%| F|  |TAMS 0x00000000a8a00000, 0x00000000a8a00000| Untracked 
| 127|0x00000000a8b00000, 0x00000000a8b00000, 0x00000000a8c00000|  0%| F|  |TAMS 0x00000000a8b00000, 0x00000000a8b00000| Untracked 
| 128|0x00000000a8c00000, 0x00000000a8c00000, 0x00000000a8d00000|  0%| F|  |TAMS 0x00000000a8c00000, 0x00000000a8c00000| Untracked 
| 129|0x00000000a8d00000, 0x00000000a8d00000, 0x00000000a8e00000|  0%| F|  |TAMS 0x00000000a8d00000, 0x00000000a8d00000| Untracked 
| 130|0x00000000a8e00000, 0x00000000a8e00000, 0x00000000a8f00000|  0%| F|  |TAMS 0x00000000a8e00000, 0x00000000a8e00000| Untracked 
| 131|0x00000000a8f00000, 0x00000000a8f00000, 0x00000000a9000000|  0%| F|  |TAMS 0x00000000a8f00000, 0x00000000a8f00000| Untracked 
| 132|0x00000000a9000000, 0x00000000a9000000, 0x00000000a9100000|  0%| F|  |TAMS 0x00000000a9000000, 0x00000000a9000000| Untracked 
| 133|0x00000000a9100000, 0x00000000a9100000, 0x00000000a9200000|  0%| F|  |TAMS 0x00000000a9100000, 0x00000000a9100000| Untracked 
| 134|0x00000000a9200000, 0x00000000a9200000, 0x00000000a9300000|  0%| F|  |TAMS 0x00000000a9200000, 0x00000000a9200000| Untracked 
| 135|0x00000000a9300000, 0x00000000a9300000, 0x00000000a9400000|  0%| F|  |TAMS 0x00000000a9300000, 0x00000000a9300000| Untracked 
| 136|0x00000000a9400000, 0x00000000a9400000, 0x00000000a9500000|  0%| F|  |TAMS 0x00000000a9400000, 0x00000000a9400000| Untracked 
| 137|0x00000000a9500000, 0x00000000a9500000, 0x00000000a9600000|  0%| F|  |TAMS 0x00000000a9500000, 0x00000000a9500000| Untracked 
| 138|0x00000000a9600000, 0x00000000a9600000, 0x00000000a9700000|  0%| F|  |TAMS 0x00000000a9600000, 0x00000000a9600000| Untracked 
| 139|0x00000000a9700000, 0x00000000a9700000, 0x00000000a9800000|  0%| F|  |TAMS 0x00000000a9700000, 0x00000000a9700000| Untracked 
| 140|0x00000000a9800000, 0x00000000a9800000, 0x00000000a9900000|  0%| F|  |TAMS 0x00000000a9800000, 0x00000000a9800000| Untracked 
| 141|0x00000000a9900000, 0x00000000a9900000, 0x00000000a9a00000|  0%| F|  |TAMS 0x00000000a9900000, 0x00000000a9900000| Untracked 
| 142|0x00000000a9a00000, 0x00000000a9a00000, 0x00000000a9b00000|  0%| F|  |TAMS 0x00000000a9a00000, 0x00000000a9a00000| Untracked 
| 143|0x00000000a9b00000, 0x00000000a9b00000, 0x00000000a9c00000|  0%| F|  |TAMS 0x00000000a9b00000, 0x00000000a9b00000| Untracked 
| 144|0x00000000a9c00000, 0x00000000a9c00000, 0x00000000a9d00000|  0%| F|  |TAMS 0x00000000a9c00000, 0x00000000a9c00000| Untracked 
| 145|0x00000000a9d00000, 0x00000000a9d00000, 0x00000000a9e00000|  0%| F|  |TAMS 0x00000000a9d00000, 0x00000000a9d00000| Untracked 
| 146|0x00000000a9e00000, 0x00000000a9e00000, 0x00000000a9f00000|  0%| F|  |TAMS 0x00000000a9e00000, 0x00000000a9e00000| Untracked 
| 147|0x00000000a9f00000, 0x00000000a9f00000, 0x00000000aa000000|  0%| F|  |TAMS 0x00000000a9f00000, 0x00000000a9f00000| Untracked 
| 148|0x00000000aa000000, 0x00000000aa000000, 0x00000000aa100000|  0%| F|  |TAMS 0x00000000aa000000, 0x00000000aa000000| Untracked 
| 149|0x00000000aa100000, 0x00000000aa100000, 0x00000000aa200000|  0%| F|  |TAMS 0x00000000aa100000, 0x00000000aa100000| Untracked 
| 150|0x00000000aa200000, 0x00000000aa200000, 0x00000000aa300000|  0%| F|  |TAMS 0x00000000aa200000, 0x00000000aa200000| Untracked 
| 151|0x00000000aa300000, 0x00000000aa300000, 0x00000000aa400000|  0%| F|  |TAMS 0x00000000aa300000, 0x00000000aa300000| Untracked 
| 152|0x00000000aa400000, 0x00000000aa400000, 0x00000000aa500000|  0%| F|  |TAMS 0x00000000aa400000, 0x00000000aa400000| Untracked 
| 153|0x00000000aa500000, 0x00000000aa500000, 0x00000000aa600000|  0%| F|  |TAMS 0x00000000aa500000, 0x00000000aa500000| Untracked 
| 154|0x00000000aa600000, 0x00000000aa600000, 0x00000000aa700000|  0%| F|  |TAMS 0x00000000aa600000, 0x00000000aa600000| Untracked 
| 155|0x00000000aa700000, 0x00000000aa700000, 0x00000000aa800000|  0%| F|  |TAMS 0x00000000aa700000, 0x00000000aa700000| Untracked 
| 156|0x00000000aa800000, 0x00000000aa800000, 0x00000000aa900000|  0%| F|  |TAMS 0x00000000aa800000, 0x00000000aa800000| Untracked 
| 157|0x00000000aa900000, 0x00000000aa900000, 0x00000000aaa00000|  0%| F|  |TAMS 0x00000000aa900000, 0x00000000aa900000| Untracked 
| 158|0x00000000aaa00000, 0x00000000aaa00000, 0x00000000aab00000|  0%| F|  |TAMS 0x00000000aaa00000, 0x00000000aaa00000| Untracked 
| 159|0x00000000aab00000, 0x00000000aab00000, 0x00000000aac00000|  0%| F|  |TAMS 0x00000000aab00000, 0x00000000aab00000| Untracked 
| 160|0x00000000aac00000, 0x00000000aac00000, 0x00000000aad00000|  0%| F|  |TAMS 0x00000000aac00000, 0x00000000aac00000| Untracked 
| 161|0x00000000aad00000, 0x00000000aad00000, 0x00000000aae00000|  0%| F|  |TAMS 0x00000000aad00000, 0x00000000aad00000| Untracked 
| 162|0x00000000aae00000, 0x00000000aae00000, 0x00000000aaf00000|  0%| F|  |TAMS 0x00000000aae00000, 0x00000000aae00000| Untracked 
| 163|0x00000000aaf00000, 0x00000000aaf00000, 0x00000000ab000000|  0%| F|  |TAMS 0x00000000aaf00000, 0x00000000aaf00000| Untracked 
| 164|0x00000000ab000000, 0x00000000ab000000, 0x00000000ab100000|  0%| F|  |TAMS 0x00000000ab000000, 0x00000000ab000000| Untracked 
| 165|0x00000000ab100000, 0x00000000ab100000, 0x00000000ab200000|  0%| F|  |TAMS 0x00000000ab100000, 0x00000000ab100000| Untracked 
| 166|0x00000000ab200000, 0x00000000ab200000, 0x00000000ab300000|  0%| F|  |TAMS 0x00000000ab200000, 0x00000000ab200000| Untracked 
| 167|0x00000000ab300000, 0x00000000ab300000, 0x00000000ab400000|  0%| F|  |TAMS 0x00000000ab300000, 0x00000000ab300000| Untracked 
| 168|0x00000000ab400000, 0x00000000ab400000, 0x00000000ab500000|  0%| F|  |TAMS 0x00000000ab400000, 0x00000000ab400000| Untracked 
| 169|0x00000000ab500000, 0x00000000ab500000, 0x00000000ab600000|  0%| F|  |TAMS 0x00000000ab500000, 0x00000000ab500000| Untracked 
| 170|0x00000000ab600000, 0x00000000ab600000, 0x00000000ab700000|  0%| F|  |TAMS 0x00000000ab600000, 0x00000000ab600000| Untracked 
| 171|0x00000000ab700000, 0x00000000ab700000, 0x00000000ab800000|  0%| F|  |TAMS 0x00000000ab700000, 0x00000000ab700000| Untracked 
| 172|0x00000000ab800000, 0x00000000ab800000, 0x00000000ab900000|  0%| F|  |TAMS 0x00000000ab800000, 0x00000000ab800000| Untracked 
| 173|0x00000000ab900000, 0x00000000ab900000, 0x00000000aba00000|  0%| F|  |TAMS 0x00000000ab900000, 0x00000000ab900000| Untracked 
| 174|0x00000000aba00000, 0x00000000aba00000, 0x00000000abb00000|  0%| F|  |TAMS 0x00000000aba00000, 0x00000000aba00000| Untracked 
| 175|0x00000000abb00000, 0x00000000abb00000, 0x00000000abc00000|  0%| F|  |TAMS 0x00000000abb00000, 0x00000000abb00000| Untracked 
| 176|0x00000000abc00000, 0x00000000abc00000, 0x00000000abd00000|  0%| F|  |TAMS 0x00000000abc00000, 0x00000000abc00000| Untracked 
| 177|0x00000000abd00000, 0x00000000abd00000, 0x00000000abe00000|  0%| F|  |TAMS 0x00000000abd00000, 0x00000000abd00000| Untracked 
| 178|0x00000000abe00000, 0x00000000abe00000, 0x00000000abf00000|  0%| F|  |TAMS 0x00000000abe00000, 0x00000000abe00000| Untracked 
| 179|0x00000000abf00000, 0x00000000abf00000, 0x00000000ac000000|  0%| F|  |TAMS 0x00000000abf00000, 0x00000000abf00000| Untracked 
| 180|0x00000000ac000000, 0x00000000ac000000, 0x00000000ac100000|  0%| F|  |TAMS 0x00000000ac000000, 0x00000000ac000000| Untracked 
| 181|0x00000000ac100000, 0x00000000ac100000, 0x00000000ac200000|  0%| F|  |TAMS 0x00000000ac100000, 0x00000000ac100000| Untracked 
| 182|0x00000000ac200000, 0x00000000ac200000, 0x00000000ac300000|  0%| F|  |TAMS 0x00000000ac200000, 0x00000000ac200000| Untracked 
| 183|0x00000000ac300000, 0x00000000ac300000, 0x00000000ac400000|  0%| F|  |TAMS 0x00000000ac300000, 0x00000000ac300000| Untracked 
| 184|0x00000000ac400000, 0x00000000ac400000, 0x00000000ac500000|  0%| F|  |TAMS 0x00000000ac400000, 0x00000000ac400000| Untracked 
| 185|0x00000000ac500000, 0x00000000ac500000, 0x00000000ac600000|  0%| F|  |TAMS 0x00000000ac500000, 0x00000000ac500000| Untracked 
| 186|0x00000000ac600000, 0x00000000ac600000, 0x00000000ac700000|  0%| F|  |TAMS 0x00000000ac600000, 0x00000000ac600000| Untracked 
| 187|0x00000000ac700000, 0x00000000ac700000, 0x00000000ac800000|  0%| F|  |TAMS 0x00000000ac700000, 0x00000000ac700000| Untracked 
| 188|0x00000000ac800000, 0x00000000ac800000, 0x00000000ac900000|  0%| F|  |TAMS 0x00000000ac800000, 0x00000000ac800000| Untracked 
| 189|0x00000000ac900000, 0x00000000ac900000, 0x00000000aca00000|  0%| F|  |TAMS 0x00000000ac900000, 0x00000000ac900000| Untracked 
| 190|0x00000000aca00000, 0x00000000aca00000, 0x00000000acb00000|  0%| F|  |TAMS 0x00000000aca00000, 0x00000000aca00000| Untracked 
| 191|0x00000000acb00000, 0x00000000acb00000, 0x00000000acc00000|  0%| F|  |TAMS 0x00000000acb00000, 0x00000000acb00000| Untracked 
| 192|0x00000000acc00000, 0x00000000acc00000, 0x00000000acd00000|  0%| F|  |TAMS 0x00000000acc00000, 0x00000000acc00000| Untracked 
| 193|0x00000000acd00000, 0x00000000acd00000, 0x00000000ace00000|  0%| F|  |TAMS 0x00000000acd00000, 0x00000000acd00000| Untracked 
| 194|0x00000000ace00000, 0x00000000ace00000, 0x00000000acf00000|  0%| F|  |TAMS 0x00000000ace00000, 0x00000000ace00000| Untracked 
| 195|0x00000000acf00000, 0x00000000acf00000, 0x00000000ad000000|  0%| F|  |TAMS 0x00000000acf00000, 0x00000000acf00000| Untracked 
| 196|0x00000000ad000000, 0x00000000ad000000, 0x00000000ad100000|  0%| F|  |TAMS 0x00000000ad000000, 0x00000000ad000000| Untracked 
| 197|0x00000000ad100000, 0x00000000ad100000, 0x00000000ad200000|  0%| F|  |TAMS 0x00000000ad100000, 0x00000000ad100000| Untracked 
| 198|0x00000000ad200000, 0x00000000ad200000, 0x00000000ad300000|  0%| F|  |TAMS 0x00000000ad200000, 0x00000000ad200000| Untracked 
| 199|0x00000000ad300000, 0x00000000ad300000, 0x00000000ad400000|  0%| F|  |TAMS 0x00000000ad300000, 0x00000000ad300000| Untracked 
| 200|0x00000000ad400000, 0x00000000ad400000, 0x00000000ad500000|  0%| F|  |TAMS 0x00000000ad400000, 0x00000000ad400000| Untracked 
| 201|0x00000000ad500000, 0x00000000ad500000, 0x00000000ad600000|  0%| F|  |TAMS 0x00000000ad500000, 0x00000000ad500000| Untracked 
| 202|0x00000000ad600000, 0x00000000ad600000, 0x00000000ad700000|  0%| F|  |TAMS 0x00000000ad600000, 0x00000000ad600000| Untracked 
| 203|0x00000000ad700000, 0x00000000ad700000, 0x00000000ad800000|  0%| F|  |TAMS 0x00000000ad700000, 0x00000000ad700000| Untracked 
| 204|0x00000000ad800000, 0x00000000ad800000, 0x00000000ad900000|  0%| F|  |TAMS 0x00000000ad800000, 0x00000000ad800000| Untracked 
| 205|0x00000000ad900000, 0x00000000ad900000, 0x00000000ada00000|  0%| F|  |TAMS 0x00000000ad900000, 0x00000000ad900000| Untracked 
| 206|0x00000000ada00000, 0x00000000ada00000, 0x00000000adb00000|  0%| F|  |TAMS 0x00000000ada00000, 0x00000000ada00000| Untracked 
| 207|0x00000000adb00000, 0x00000000adb00000, 0x00000000adc00000|  0%| F|  |TAMS 0x00000000adb00000, 0x00000000adb00000| Untracked 
| 208|0x00000000adc00000, 0x00000000adc00000, 0x00000000add00000|  0%| F|  |TAMS 0x00000000adc00000, 0x00000000adc00000| Untracked 
| 209|0x00000000add00000, 0x00000000add00000, 0x00000000ade00000|  0%| F|  |TAMS 0x00000000add00000, 0x00000000add00000| Untracked 
| 210|0x00000000ade00000, 0x00000000ade00000, 0x00000000adf00000|  0%| F|  |TAMS 0x00000000ade00000, 0x00000000ade00000| Untracked 
| 211|0x00000000adf00000, 0x00000000adf00000, 0x00000000ae000000|  0%| F|  |TAMS 0x00000000adf00000, 0x00000000adf00000| Untracked 
| 212|0x00000000ae000000, 0x00000000ae000000, 0x00000000ae100000|  0%| F|  |TAMS 0x00000000ae000000, 0x00000000ae000000| Untracked 
| 213|0x00000000ae100000, 0x00000000ae100000, 0x00000000ae200000|  0%| F|  |TAMS 0x00000000ae100000, 0x00000000ae100000| Untracked 
| 214|0x00000000ae200000, 0x00000000ae200000, 0x00000000ae300000|  0%| F|  |TAMS 0x00000000ae200000, 0x00000000ae200000| Untracked 
| 215|0x00000000ae300000, 0x00000000ae300000, 0x00000000ae400000|  0%| F|  |TAMS 0x00000000ae300000, 0x00000000ae300000| Untracked 
| 216|0x00000000ae400000, 0x00000000ae400000, 0x00000000ae500000|  0%| F|  |TAMS 0x00000000ae400000, 0x00000000ae400000| Untracked 
| 217|0x00000000ae500000, 0x00000000ae500000, 0x00000000ae600000|  0%| F|  |TAMS 0x00000000ae500000, 0x00000000ae500000| Untracked 
| 218|0x00000000ae600000, 0x00000000ae600000, 0x00000000ae700000|  0%| F|  |TAMS 0x00000000ae600000, 0x00000000ae600000| Untracked 
| 219|0x00000000ae700000, 0x00000000ae700000, 0x00000000ae800000|  0%| F|  |TAMS 0x00000000ae700000, 0x00000000ae700000| Untracked 
| 220|0x00000000ae800000, 0x00000000ae800000, 0x00000000ae900000|  0%| F|  |TAMS 0x00000000ae800000, 0x00000000ae800000| Untracked 
| 221|0x00000000ae900000, 0x00000000ae900000, 0x00000000aea00000|  0%| F|  |TAMS 0x00000000ae900000, 0x00000000ae900000| Untracked 
| 222|0x00000000aea00000, 0x00000000aea00000, 0x00000000aeb00000|  0%| F|  |TAMS 0x00000000aea00000, 0x00000000aea00000| Untracked 
| 223|0x00000000aeb00000, 0x00000000aeb00000, 0x00000000aec00000|  0%| F|  |TAMS 0x00000000aeb00000, 0x00000000aeb00000| Untracked 
| 224|0x00000000aec00000, 0x00000000aec00000, 0x00000000aed00000|  0%| F|  |TAMS 0x00000000aec00000, 0x00000000aec00000| Untracked 
| 225|0x00000000aed00000, 0x00000000aed00000, 0x00000000aee00000|  0%| F|  |TAMS 0x00000000aed00000, 0x00000000aed00000| Untracked 
| 226|0x00000000aee00000, 0x00000000aee00000, 0x00000000aef00000|  0%| F|  |TAMS 0x00000000aee00000, 0x00000000aee00000| Untracked 
| 227|0x00000000aef00000, 0x00000000aef00000, 0x00000000af000000|  0%| F|  |TAMS 0x00000000aef00000, 0x00000000aef00000| Untracked 
| 228|0x00000000af000000, 0x00000000af000000, 0x00000000af100000|  0%| F|  |TAMS 0x00000000af000000, 0x00000000af000000| Untracked 
| 229|0x00000000af100000, 0x00000000af100000, 0x00000000af200000|  0%| F|  |TAMS 0x00000000af100000, 0x00000000af100000| Untracked 
| 230|0x00000000af200000, 0x00000000af200000, 0x00000000af300000|  0%| F|  |TAMS 0x00000000af200000, 0x00000000af200000| Untracked 
| 231|0x00000000af300000, 0x00000000af300000, 0x00000000af400000|  0%| F|  |TAMS 0x00000000af300000, 0x00000000af300000| Untracked 
| 232|0x00000000af400000, 0x00000000af400000, 0x00000000af500000|  0%| F|  |TAMS 0x00000000af400000, 0x00000000af400000| Untracked 
| 233|0x00000000af500000, 0x00000000af500000, 0x00000000af600000|  0%| F|  |TAMS 0x00000000af500000, 0x00000000af500000| Untracked 
| 234|0x00000000af600000, 0x00000000af600000, 0x00000000af700000|  0%| F|  |TAMS 0x00000000af600000, 0x00000000af600000| Untracked 
| 235|0x00000000af700000, 0x00000000af700000, 0x00000000af800000|  0%| F|  |TAMS 0x00000000af700000, 0x00000000af700000| Untracked 
| 236|0x00000000af800000, 0x00000000af800000, 0x00000000af900000|  0%| F|  |TAMS 0x00000000af800000, 0x00000000af800000| Untracked 
| 237|0x00000000af900000, 0x00000000af900000, 0x00000000afa00000|  0%| F|  |TAMS 0x00000000af900000, 0x00000000af900000| Untracked 
| 238|0x00000000afa00000, 0x00000000afa00000, 0x00000000afb00000|  0%| F|  |TAMS 0x00000000afa00000, 0x00000000afa00000| Untracked 
| 239|0x00000000afb00000, 0x00000000afb00000, 0x00000000afc00000|  0%| F|  |TAMS 0x00000000afb00000, 0x00000000afb00000| Untracked 
| 240|0x00000000afc00000, 0x00000000afc00000, 0x00000000afd00000|  0%| F|  |TAMS 0x00000000afc00000, 0x00000000afc00000| Untracked 
| 241|0x00000000afd00000, 0x00000000afd00000, 0x00000000afe00000|  0%| F|  |TAMS 0x00000000afd00000, 0x00000000afd00000| Untracked 
| 242|0x00000000afe00000, 0x00000000afe00000, 0x00000000aff00000|  0%| F|  |TAMS 0x00000000afe00000, 0x00000000afe00000| Untracked 
| 243|0x00000000aff00000, 0x00000000aff00000, 0x00000000b0000000|  0%| F|  |TAMS 0x00000000aff00000, 0x00000000aff00000| Untracked 
| 244|0x00000000b0000000, 0x00000000b0000000, 0x00000000b0100000|  0%| F|  |TAMS 0x00000000b0000000, 0x00000000b0000000| Untracked 
| 245|0x00000000b0100000, 0x00000000b0100000, 0x00000000b0200000|  0%| F|  |TAMS 0x00000000b0100000, 0x00000000b0100000| Untracked 
| 246|0x00000000b0200000, 0x00000000b0200000, 0x00000000b0300000|  0%| F|  |TAMS 0x00000000b0200000, 0x00000000b0200000| Untracked 
| 247|0x00000000b0300000, 0x00000000b0300000, 0x00000000b0400000|  0%| F|  |TAMS 0x00000000b0300000, 0x00000000b0300000| Untracked 
| 248|0x00000000b0400000, 0x00000000b0400000, 0x00000000b0500000|  0%| F|  |TAMS 0x00000000b0400000, 0x00000000b0400000| Untracked 
| 249|0x00000000b0500000, 0x00000000b0500000, 0x00000000b0600000|  0%| F|  |TAMS 0x00000000b0500000, 0x00000000b0500000| Untracked 
| 250|0x00000000b0600000, 0x00000000b0600000, 0x00000000b0700000|  0%| F|  |TAMS 0x00000000b0600000, 0x00000000b0600000| Untracked 
| 251|0x00000000b0700000, 0x00000000b0700000, 0x00000000b0800000|  0%| F|  |TAMS 0x00000000b0700000, 0x00000000b0700000| Untracked 
| 252|0x00000000b0800000, 0x00000000b084a258, 0x00000000b0900000| 28%| S|CS|TAMS 0x00000000b0800000, 0x00000000b0800000| Complete 
| 253|0x00000000b0900000, 0x00000000b0900000, 0x00000000b0a00000|  0%| F|  |TAMS 0x00000000b0900000, 0x00000000b0900000| Untracked 
|1523|0x00000000fff00000, 0x00000000fff91000, 0x0000000100000000| 56%| O|  |TAMS 0x00000000fff91000, 0x00000000fff91000| Untracked 

Card table byte_map: [0x000001bb76540000,0x000001bb76840000] _byte_map_base: 0x000001bb7603a000

Marking Bits (Prev, Next): (CMBitMap*) 0x000001bb5efee110, (CMBitMap*) 0x000001bb5efee150
 Prev Bits: [0x000001bb76b40000, 0x000001bb78310000)
 Next Bits: [0x000001bb78310000, 0x000001bb79ae0000)

Polling page: 0x000001bb5cf40000

Metaspace:

Usage:
  Non-class:      5.68 MB used.
      Class:    781.66 KB used.
       Both:      6.44 MB used.

Virtual space:
  Non-class space:       64.00 MB reserved,       5.75 MB (  9%) committed,  1 nodes.
      Class space:        1.00 GB reserved,     896.00 KB ( <1%) committed,  1 nodes.
             Both:        1.06 GB reserved,       6.62 MB ( <1%) committed. 

Chunk freelists:
   Non-Class:  1.02 MB
       Class:  2.95 MB
        Both:  3.97 MB

MaxMetaspaceSize: unlimited
CompressedClassSpaceSize: 1.00 GB
Initial GC threshold: 21.00 MB
Current GC threshold: 21.00 MB
CDS: on
MetaspaceReclaimPolicy: balanced
 - commit_granule_bytes: 65536.
 - commit_granule_words: 8192.
 - virtual_space_node_default_size: 8388608.
 - enlarge_chunks_in_place: 1.
 - new_chunks_are_fully_committed: 0.
 - uncommit_free_chunks: 1.
 - use_allocation_guard: 0.


Internal statistics:

num_allocs_failed_limit: 0.
num_arena_births: 150.
num_arena_deaths: 0.
num_vsnodes_births: 2.
num_vsnodes_deaths: 0.
num_space_committed: 106.
num_space_uncommitted: 0.
num_chunks_returned_to_freelist: 0.
num_chunks_taken_from_freelist: 296.
num_chunk_merges: 0.
num_chunk_splits: 216.
num_chunks_enlarged: 164.
num_inconsistent_stats: 0.

CodeHeap 'non-profiled nmethods': size=120000Kb used=606Kb max_used=606Kb free=119393Kb
 bounds [0x000001bb6e9e0000, 0x000001bb6ec50000, 0x000001bb75f10000]
CodeHeap 'profiled nmethods': size=120000Kb used=1963Kb max_used=1963Kb free=118036Kb
 bounds [0x000001bb66f10000, 0x000001bb67180000, 0x000001bb6e440000]
CodeHeap 'non-nmethods': size=5760Kb used=1335Kb max_used=1358Kb free=4424Kb
 bounds [0x000001bb6e440000, 0x000001bb6e6b0000, 0x000001bb6e9e0000]
 total_blobs=1832 nmethods=1267 adapters=476
 compilation: enabled
              stopped_count=0, restarted_count=0
 full_count=0

Compilation events (20 events):
Event: 1.622 Thread 0x000001bb7d2f43d0 1261       4       com.sun.javafx.iio.gif.GIFImageLoader2::readByte (22 bytes)
Event: 1.622 Thread 0x000001bb7c4f53a0 1262       3       com.sun.javafx.iio.gif.GIFImageLoader2::decodeImage (161 bytes)
Event: 1.623 Thread 0x000001bb7c4f53a0 nmethod 1262 0x000001bb670f7b90 code [0x000001bb670f7ec0, 0x000001bb670f92e8]
Event: 1.629 Thread 0x000001bb7d2f43d0 nmethod 1261 0x000001bb6ea70690 code [0x000001bb6ea70860, 0x000001bb6ea70f98]
Event: 1.632 Thread 0x000001bb7d5422f0 1263 %     4       com.sun.javafx.iio.gif.GIFImageLoader2::decodeImage @ 48 (161 bytes)
Event: 1.650 Thread 0x000001bb7d5422f0 nmethod 1263% 0x000001bb6ea71310 code [0x000001bb6ea71520, 0x000001bb6ea72430]
Event: 1.653 Thread 0x000001bb7c4ea8d0 1264       4       com.sun.javafx.iio.gif.GIFImageLoader2::decodeImage (161 bytes)
Event: 1.685 Thread 0x000001bb7c4f53a0 1265       3       java.util.HashSet::isEmpty (8 bytes)
Event: 1.686 Thread 0x000001bb7c4f53a0 nmethod 1265 0x000001bb670f9a90 code [0x000001bb670f9c40, 0x000001bb670f9e98]
Event: 1.708 Thread 0x000001bb7c4f53a0 1266       1       com.sun.javafx.tk.quantum.QuantumToolkit$PulseTask::get (5 bytes)
Event: 1.708 Thread 0x000001bb7c4f53a0 nmethod 1266 0x000001bb6ea72d10 code [0x000001bb6ea72ea0, 0x000001bb6ea72f78]
Event: 1.718 Thread 0x000001bb7d2f43d0 1267       4       com.sun.javafx.image.impl.BaseByteToByteConverter$FourByteReorderer::doConvert (138 bytes)
Event: 1.770 Thread 0x000001bb7c4f53a0 1268       3       com.sun.javafx.iio.gif.GIFImageLoader2::readShort (17 bytes)
Event: 1.770 Thread 0x000001bb7c4f53a0 nmethod 1268 0x000001bb670f9f90 code [0x000001bb670fa1a0, 0x000001bb670fa718]
Event: 1.771 Thread 0x000001bb7c4ea8d0 nmethod 1264 0x000001bb6ea73010 code [0x000001bb6ea732e0, 0x000001bb6ea757d0]
Event: 1.807 Thread 0x000001bb7d2f43d0 nmethod 1267 0x000001bb6ea76a10 code [0x000001bb6ea76ba0, 0x000001bb6ea775f8]
Event: 1.871 Thread 0x000001bb7c4f53a0 1269       1       com.sun.prism.PixelFormat$DataType::getSizeInBytes (5 bytes)
Event: 1.871 Thread 0x000001bb7c4f53a0 nmethod 1269 0x000001bb6ea77790 code [0x000001bb6ea77920, 0x000001bb6ea779d8]
Event: 1.878 Thread 0x000001bb7c4f53a0 1270       3       java.util.ArrayList::<init> (12 bytes)
Event: 1.878 Thread 0x000001bb7c4f53a0 nmethod 1270 0x000001bb670fa910 code [0x000001bb670faac0, 0x000001bb670fad58]

GC Heap History (20 events):
Event: 1.954 GC heap after
{Heap after GC invocations=7 (full 0):
 garbage-first heap   total 109568K, used 103325K [0x00000000a0c00000, 0x0000000100000000)
  region size 1024K, 1 young (1024K), 1 survivors (1024K)
 Metaspace       used 6597K, committed 6784K, reserved 1114112K
  class space    used 781K, committed 896K, reserved 1048576K
}
Event: 1.956 GC heap before
{Heap before GC invocations=7 (full 0):
 garbage-first heap   total 109568K, used 103325K [0x00000000a0c00000, 0x0000000100000000)
  region size 1024K, 2 young (2048K), 1 survivors (1024K)
 Metaspace       used 6597K, committed 6784K, reserved 1114112K
  class space    used 781K, committed 896K, reserved 1048576K
}
Event: 1.957 GC heap after
{Heap after GC invocations=8 (full 0):
 garbage-first heap   total 109568K, used 103277K [0x00000000a0c00000, 0x0000000100000000)
  region size 1024K, 1 young (1024K), 1 survivors (1024K)
 Metaspace       used 6597K, committed 6784K, reserved 1114112K
  class space    used 781K, committed 896K, reserved 1048576K
}
Event: 1.969 GC heap before
{Heap before GC invocations=9 (full 0):
 garbage-first heap   total 178176K, used 105325K [0x00000000a0c00000, 0x0000000100000000)
  region size 1024K, 2 young (2048K), 1 survivors (1024K)
 Metaspace       used 6597K, committed 6784K, reserved 1114112K
  class space    used 781K, committed 896K, reserved 1048576K
}
Event: 1.970 GC heap after
{Heap after GC invocations=10 (full 0):
 garbage-first heap   total 214016K, used 105327K [0x00000000a0c00000, 0x0000000100000000)
  region size 1024K, 1 young (1024K), 1 survivors (1024K)
 Metaspace       used 6597K, committed 6784K, reserved 1114112K
  class space    used 781K, committed 896K, reserved 1048576K
}
Event: 1.993 GC heap before
{Heap before GC invocations=11 (full 0):
 garbage-first heap   total 214016K, used 107375K [0x00000000a0c00000, 0x0000000100000000)
  region size 1024K, 2 young (2048K), 1 survivors (1024K)
 Metaspace       used 6597K, committed 6784K, reserved 1114112K
  class space    used 781K, committed 896K, reserved 1048576K
}
Event: 1.994 GC heap after
{Heap after GC invocations=12 (full 0):
 garbage-first heap   total 214016K, used 106196K [0x00000000a0c00000, 0x0000000100000000)
  region size 1024K, 1 young (1024K), 1 survivors (1024K)
 Metaspace       used 6597K, committed 6784K, reserved 1114112K
  class space    used 781K, committed 896K, reserved 1048576K
}
Event: 2.003 GC heap before
{Heap before GC invocations=13 (full 0):
 garbage-first heap   total 214016K, used 108244K [0x00000000a0c00000, 0x0000000100000000)
  region size 1024K, 2 young (2048K), 1 survivors (1024K)
 Metaspace       used 6597K, committed 6784K, reserved 1114112K
  class space    used 781K, committed 896K, reserved 1048576K
}
Event: 2.004 GC heap after
{Heap after GC invocations=14 (full 0):
 garbage-first heap   total 214016K, used 108407K [0x00000000a0c00000, 0x0000000100000000)
  region size 1024K, 1 young (1024K), 1 survivors (1024K)
 Metaspace       used 6597K, committed 6784K, reserved 1114112K
  class space    used 781K, committed 896K, reserved 1048576K
}
Event: 2.014 GC heap before
{Heap before GC invocations=15 (full 0):
 garbage-first heap   total 214016K, used 110455K [0x00000000a0c00000, 0x0000000100000000)
  region size 1024K, 2 young (2048K), 1 survivors (1024K)
 Metaspace       used 6597K, committed 6784K, reserved 1114112K
  class space    used 781K, committed 896K, reserved 1048576K
}
Event: 2.015 GC heap after
{Heap after GC invocations=16 (full 0):
 garbage-first heap   total 214016K, used 110444K [0x00000000a0c00000, 0x0000000100000000)
  region size 1024K, 1 young (1024K), 1 survivors (1024K)
 Metaspace       used 6597K, committed 6784K, reserved 1114112K
  class space    used 781K, committed 896K, reserved 1048576K
}
Event: 2.023 GC heap before
{Heap before GC invocations=17 (full 0):
 garbage-first heap   total 214016K, used 112492K [0x00000000a0c00000, 0x0000000100000000)
  region size 1024K, 2 young (2048K), 1 survivors (1024K)
 Metaspace       used 6597K, committed 6784K, reserved 1114112K
  class space    used 781K, committed 896K, reserved 1048576K
}
Event: 2.025 GC heap after
{Heap after GC invocations=18 (full 0):
 garbage-first heap   total 261120K, used 112493K [0x00000000a0c00000, 0x0000000100000000)
  region size 1024K, 1 young (1024K), 1 survivors (1024K)
 Metaspace       used 6597K, committed 6784K, reserved 1114112K
  class space    used 781K, committed 896K, reserved 1048576K
}
Event: 2.043 GC heap before
{Heap before GC invocations=18 (full 0):
 garbage-first heap   total 261120K, used 118637K [0x00000000a0c00000, 0x0000000100000000)
  region size 1024K, 3 young (3072K), 1 survivors (1024K)
 Metaspace       used 6597K, committed 6784K, reserved 1114112K
  class space    used 781K, committed 896K, reserved 1048576K
}
Event: 2.044 GC heap after
{Heap after GC invocations=19 (full 0):
 garbage-first heap   total 261120K, used 117617K [0x00000000a0c00000, 0x0000000100000000)
  region size 1024K, 1 young (1024K), 1 survivors (1024K)
 Metaspace       used 6597K, committed 6784K, reserved 1114112K
  class space    used 781K, committed 896K, reserved 1048576K
}
Event: 2.056 GC heap before
{Heap before GC invocations=20 (full 0):
 garbage-first heap   total 261120K, used 119665K [0x00000000a0c00000, 0x0000000100000000)
  region size 1024K, 2 young (2048K), 1 survivors (1024K)
 Metaspace       used 6597K, committed 6784K, reserved 1114112K
  class space    used 781K, committed 896K, reserved 1048576K
}
Event: 2.057 GC heap after
{Heap after GC invocations=21 (full 0):
 garbage-first heap   total 261120K, used 119669K [0x00000000a0c00000, 0x0000000100000000)
  region size 1024K, 1 young (1024K), 1 survivors (1024K)
 Metaspace       used 6597K, committed 6784K, reserved 1114112K
  class space    used 781K, committed 896K, reserved 1048576K
}
Event: 2.063 GC heap before
{Heap before GC invocations=22 (full 0):
 garbage-first heap   total 261120K, used 120693K [0x00000000a0c00000, 0x0000000100000000)
  region size 1024K, 2 young (2048K), 1 survivors (1024K)
 Metaspace       used 6597K, committed 6784K, reserved 1114112K
  class space    used 781K, committed 896K, reserved 1048576K
}
Event: 2.064 GC heap after
{Heap after GC invocations=23 (full 0):
 garbage-first heap   total 261120K, used 120688K [0x00000000a0c00000, 0x0000000100000000)
  region size 1024K, 1 young (1024K), 1 survivors (1024K)
 Metaspace       used 6597K, committed 6784K, reserved 1114112K
  class space    used 781K, committed 896K, reserved 1048576K
}
Event: 2.073 GC heap before
{Heap before GC invocations=24 (full 0):
 garbage-first heap   total 261120K, used 122736K [0x00000000a0c00000, 0x0000000100000000)
  region size 1024K, 2 young (2048K), 1 survivors (1024K)
 Metaspace       used 6597K, committed 6784K, reserved 1114112K
  class space    used 781K, committed 896K, reserved 1048576K
}

Dll operation events (20 events):
Event: 0.535 Loaded shared library C:\Users\Поля\.openjfx\cache\19+11\amd64\api-ms-win-crt-heap-l1-1-0.dll
Event: 0.539 Loaded shared library C:\Users\Поля\.openjfx\cache\19+11\amd64\api-ms-win-crt-locale-l1-1-0.dll
Event: 0.543 Loaded shared library C:\Users\Поля\.openjfx\cache\19+11\amd64\api-ms-win-crt-math-l1-1-0.dll
Event: 0.548 Loaded shared library C:\Users\Поля\.openjfx\cache\19+11\amd64\api-ms-win-crt-multibyte-l1-1-0.dll
Event: 0.553 Loaded shared library C:\Users\Поля\.openjfx\cache\19+11\amd64\api-ms-win-crt-private-l1-1-0.dll
Event: 0.559 Loaded shared library C:\Users\Поля\.openjfx\cache\19+11\amd64\api-ms-win-crt-process-l1-1-0.dll
Event: 0.563 Loaded shared library C:\Users\Поля\.openjfx\cache\19+11\amd64\api-ms-win-crt-runtime-l1-1-0.dll
Event: 0.567 Loaded shared library C:\Users\Поля\.openjfx\cache\19+11\amd64\api-ms-win-crt-stdio-l1-1-0.dll
Event: 0.572 Loaded shared library C:\Users\Поля\.openjfx\cache\19+11\amd64\api-ms-win-crt-string-l1-1-0.dll
Event: 0.576 Loaded shared library C:\Users\Поля\.openjfx\cache\19+11\amd64\api-ms-win-crt-time-l1-1-0.dll
Event: 0.579 Loaded shared library C:\Users\Поля\.openjfx\cache\19+11\amd64\api-ms-win-crt-utility-l1-1-0.dll
Event: 0.594 Loaded shared library C:\Users\Поля\.openjfx\cache\19+11\amd64\ucrtbase.dll
Event: 0.599 Loaded shared library C:\Users\Поля\.openjfx\cache\19+11\amd64\vcruntime140.dll
Event: 0.603 Loaded shared library C:\Users\Поля\.openjfx\cache\19+11\amd64\vcruntime140_1.dll
Event: 0.612 Loaded shared library C:\Users\Поля\.openjfx\cache\19+11\amd64\msvcp140.dll
Event: 0.615 Loaded shared library C:\Users\Поля\.openjfx\cache\19+11\amd64\msvcp140_1.dll
Event: 0.621 Loaded shared library C:\Users\Поля\.openjfx\cache\19+11\amd64\msvcp140_2.dll
Event: 0.674 Loaded shared library C:\Users\Поля\.openjfx\cache\19+11\amd64\prism_d3d.dll
Event: 0.733 Loaded shared library C:\Users\Поля\.openjfx\cache\19+11\amd64\glass.dll
Event: 1.064 Loaded shared library C:\Program Files\Java\jdk-19\bin\jimage.dll

Deoptimization events (20 events):
Event: 1.690 Thread 0x000001bb7d2aab00 DEOPT PACKING pc=0x000001bb670f8f26 sp=0x00000034794fdd00
Event: 1.690 Thread 0x000001bb7d2aab00 DEOPT UNPACKING pc=0x000001bb6e4a7543 sp=0x00000034794fd220 mode 0
Event: 1.694 Thread 0x000001bb7d2aab00 DEOPT PACKING pc=0x000001bb670f8f05 sp=0x00000034794fdd00
Event: 1.694 Thread 0x000001bb7d2aab00 DEOPT UNPACKING pc=0x000001bb6e4a7543 sp=0x00000034794fd220 mode 0
Event: 1.699 Thread 0x000001bb7d2aab00 DEOPT PACKING pc=0x000001bb670f8f26 sp=0x00000034794fdd00
Event: 1.699 Thread 0x000001bb7d2aab00 DEOPT UNPACKING pc=0x000001bb6e4a7543 sp=0x00000034794fd220 mode 0
Event: 1.703 Thread 0x000001bb7d2aab00 DEOPT PACKING pc=0x000001bb670f8f26 sp=0x00000034794fdd00
Event: 1.703 Thread 0x000001bb7d2aab00 DEOPT UNPACKING pc=0x000001bb6e4a7543 sp=0x00000034794fd220 mode 0
Event: 1.709 Thread 0x000001bb7d2aab00 DEOPT PACKING pc=0x000001bb670f8f26 sp=0x00000034794fdd00
Event: 1.709 Thread 0x000001bb7d2aab00 DEOPT UNPACKING pc=0x000001bb6e4a7543 sp=0x00000034794fd220 mode 0
Event: 1.713 Thread 0x000001bb7d2aab00 DEOPT PACKING pc=0x000001bb670f8f26 sp=0x00000034794fdd00
Event: 1.714 Thread 0x000001bb7d2aab00 DEOPT UNPACKING pc=0x000001bb6e4a7543 sp=0x00000034794fd220 mode 0
Event: 1.718 Thread 0x000001bb7d2aab00 DEOPT PACKING pc=0x000001bb670ec89a sp=0x00000034794fdd90
Event: 1.718 Thread 0x000001bb7d2aab00 DEOPT UNPACKING pc=0x000001bb6e4a7543 sp=0x00000034794fd220 mode 0
Event: 1.719 Thread 0x000001bb7d2aab00 Uncommon trap: trap_request=0xffffff45 fr.pc=0x000001bb6ea6b7fc relative=0x0000000000000c5c
Event: 1.719 Thread 0x000001bb7d2aab00 Uncommon trap: reason=unstable_if action=reinterpret pc=0x000001bb6ea6b7fc method=com.sun.javafx.image.impl.BaseByteToByteConverter$FourByteReorderer.doConvert([BII[BIIII)V @ 31 c2
Event: 1.719 Thread 0x000001bb7d2aab00 DEOPT PACKING pc=0x000001bb6ea6b7fc sp=0x00000034794fdd50
Event: 1.719 Thread 0x000001bb7d2aab00 DEOPT UNPACKING pc=0x000001bb6e4a6da3 sp=0x00000034794fdd20 mode 2
Event: 1.771 Thread 0x000001bb7d2aab00 DEOPT PACKING pc=0x000001bb670f8f05 sp=0x00000034794fdd00
Event: 1.771 Thread 0x000001bb7d2aab00 DEOPT UNPACKING pc=0x000001bb6e4a7543 sp=0x00000034794fd220 mode 0

Classes loaded (20 events):
Event: 1.268 Loading class java/util/Vector$1
Event: 1.268 Loading class java/util/Vector$1 done
Event: 1.377 Loading class java/lang/foreign/MemorySegment
Event: 1.377 Loading class java/lang/foreign/Addressable
Event: 1.377 Loading class java/lang/foreign/Addressable done
Event: 1.377 Loading class java/lang/foreign/MemorySegment done
Event: 1.438 Loading class jdk/internal/foreign/MemorySessionImpl
Event: 1.438 Loading class java/lang/foreign/MemorySession
Event: 1.438 Loading class java/lang/foreign/SegmentAllocator
Event: 1.438 Loading class java/lang/foreign/SegmentAllocator done
Event: 1.438 Loading class java/lang/foreign/MemorySession done
Event: 1.439 Loading class jdk/internal/foreign/MemorySessionImpl done
Event: 1.465 Loading class java/nio/FloatBuffer
Event: 1.465 Loading class java/nio/FloatBuffer done
Event: 1.472 Loading class java/lang/NoSuchFieldError
Event: 1.472 Loading class java/lang/NoSuchFieldError done
Event: 1.584 Loading class java/util/EventListener
Event: 1.584 Loading class java/util/EventListener done
Event: 1.588 Loading class java/lang/CloneNotSupportedException
Event: 1.588 Loading class java/lang/CloneNotSupportedException done

Classes unloaded (0 events):
No events

Classes redefined (0 events):
No events

Internal exceptions (18 events):
Event: 0.141 Thread 0x000001bb5ef9b290 Exception <a 'java/lang/NoSuchMethodError'{0x00000000a6a5d4e8}: 'void java.lang.invoke.DirectMethodHandle$Holder.invokeVirtual(java.lang.Object, java.lang.Object)'> (0x00000000a6a5d4e8) 
thrown [s\open\src\hotspot\share\interpreter\linkResolver.cpp, line 774]
Event: 0.214 Thread 0x000001bb5ef9b290 Exception <a 'java/lang/NoSuchMethodError'{0x00000000a6526d38}: 'void java.lang.invoke.DirectMethodHandle$Holder.invokeSpecial(java.lang.Object, java.lang.Object, java.lang.Object)'> (0x00000000a6526d38) 
thrown [s\open\src\hotspot\share\interpreter\linkResolver.cpp, line 774]
Event: 0.260 Thread 0x000001bb5ef9b290 Exception <a 'java/lang/NoSuchMethodError'{0x00000000a643fe18}: 'void java.lang.invoke.DirectMethodHandle$Holder.invokeStatic(java.lang.Object, java.lang.Object, java.lang.Object)'> (0x00000000a643fe18) 
thrown [s\open\src\hotspot\share\interpreter\linkResolver.cpp, line 774]
Event: 0.268 Thread 0x000001bb5ef9b290 Exception <a 'java/lang/NoSuchMethodError'{0x00000000a64573b0}: 'java.lang.Object java.lang.invoke.Invokers$Holder.invokeExact_MT(java.lang.Object, java.lang.Object, java.lang.Object, java.lang.Object, java.lang.Object)'> (0x00000000a64573b0) 
thrown [s\open\src\hotspot\share\interpreter\linkResolver.cpp, line 774]
Event: 0.282 Thread 0x000001bb7c727e00 Exception <a 'java/lang/ClassNotFoundException'{0x00000000a647aa30}: jdk/net/ExtendedSocketOptions> (0x00000000a647aa30) 
thrown [s\open\src\hotspot\share\classfile\systemDictionary.cpp, line 255]
Event: 0.284 Thread 0x000001bb7c727e00 Exception <a 'java/lang/NoSuchMethodError'{0x00000000a647c3e0}: 'void java.lang.invoke.DirectMethodHandle$Holder.invokeStatic(java.lang.Object, java.lang.Object)'> (0x00000000a647c3e0) 
thrown [s\open\src\hotspot\share\interpreter\linkResolver.cpp, line 774]
Event: 0.299 Thread 0x000001bb5ef9b290 Exception <a 'java/lang/NoSuchMethodError'{0x00000000a635f700}: 'java.lang.Object java.lang.invoke.DirectMethodHandle$Holder.invokeStaticInit(java.lang.Object)'> (0x00000000a635f700) 
thrown [s\open\src\hotspot\share\interpreter\linkResolver.cpp, line 774]
Event: 0.301 Thread 0x000001bb5ef9b290 Exception <a 'java/lang/NoSuchMethodError'{0x00000000a6366160}: 'void java.lang.invoke.DirectMethodHandle$Holder.invokeStatic(java.lang.Object, java.lang.Object, java.lang.Object, java.lang.Object)'> (0x00000000a6366160) 
thrown [s\open\src\hotspot\share\interpreter\linkResolver.cpp, line 774]
Event: 0.302 Thread 0x000001bb5ef9b290 Exception <a 'java/lang/NoSuchMethodError'{0x00000000a636a0c0}: 'void java.lang.invoke.DirectMethodHandle$Holder.invokeSpecial(java.lang.Object, java.lang.Object, java.lang.Object, java.lang.Object, java.lang.Object)'> (0x00000000a636a0c0) 
thrown [s\open\src\hotspot\share\interpreter\linkResolver.cpp, line 774]
Event: 0.307 Thread 0x000001bb5ef9b290 Exception <a 'java/lang/NoSuchMethodError'{0x00000000a637c860}: 'java.lang.Object java.lang.invoke.Invokers$Holder.invokeExact_MT(java.lang.Object, java.lang.Object, java.lang.Object, java.lang.Object, java.lang.Object, java.lang.Object)'> (0x00000000a637c860) 
thrown [s\open\src\hotspot\share\interpreter\linkResolver.cpp, line 774]
Event: 0.710 Thread 0x000001bb5ef9b290 Exception <a 'java/lang/NoSuchMethodError'{0x00000000a5dc7238}: 'int java.lang.invoke.DirectMethodHandle$Holder.invokeStaticInit(java.lang.Object, java.lang.Object, java.lang.Object)'> (0x00000000a5dc7238) 
thrown [s\open\src\hotspot\share\interpreter\linkResolver.cpp, line 774]
Event: 0.739 Thread 0x000001bb5ef9b290 Exception <a 'java/lang/NoSuchMethodError'{0x00000000a5b0dff8}: 'java.lang.Object java.lang.invoke.DirectMethodHandle$Holder.newInvokeSpecial(java.lang.Object, java.lang.Object, int, java.lang.Object)'> (0x00000000a5b0dff8) 
thrown [s\open\src\hotspot\share\interpreter\linkResolver.cpp, line 774]
Event: 0.739 Thread 0x000001bb5ef9b290 Exception <a 'java/lang/NoSuchMethodError'{0x00000000a5b123f0}: 'java.lang.Object java.lang.invoke.DirectMethodHandle$Holder.invokeSpecial(java.lang.Object, java.lang.Object, java.lang.Object, int, java.lang.Object)'> (0x00000000a5b123f0) 
thrown [s\open\src\hotspot\share\interpreter\linkResolver.cpp, line 774]
Event: 1.090 Thread 0x000001bb7c4e1130 Exception <a 'sun/nio/fs/WindowsException'{0x00000000a596fa70}> (0x00000000a596fa70) 
thrown [s\open\src\hotspot\share\prims\jni.cpp, line 517]
Event: 1.191 Thread 0x000001bb7d2aab00 Exception <a 'java/lang/NoSuchMethodError'{0x00000000a578a468}: 'void java.lang.invoke.DirectMethodHandle$Holder.invokeStaticInit(java.lang.Object)'> (0x00000000a578a468) 
thrown [s\open\src\hotspot\share\interpreter\linkResolver.cpp, line 774]
Event: 1.195 Thread 0x000001bb5ef9b290 Exception <a 'java/lang/NoSuchMethodError'{0x00000000a5b270a0}: 'java.lang.Object java.lang.invoke.DirectMethodHandle$Holder.newInvokeSpecial(java.lang.Object, java.lang.Object, java.lang.Object, java.lang.Object, java.lang.Object, java.lang.Object)'> (0x00000000a5b270a0) 
thrown [s\open\src\hotspot\share\interpreter\linkResolver.cpp, line 774]
Event: 1.227 Thread 0x000001bb5ef9b290 Exception <a 'java/lang/NoSuchMethodError'{0x00000000a56de5c8}: 'java.lang.Object java.lang.invoke.DirectMethodHandle$Holder.newInvokeSpecial(java.lang.Object, java.lang.Object, java.lang.Object, java.lang.Object, java.lang.Object)'> (0x00000000a56de5c8) 
thrown [s\open\src\hotspot\share\interpreter\linkResolver.cpp, line 774]
Event: 1.576 Thread 0x000001bb7d2aab00 Exception <a 'java/lang/NoSuchMethodError'{0x00000000a63af9a0}: 'java.lang.Object java.lang.invoke.DirectMethodHandle$Holder.invokeStaticInit(java.lang.Object, java.lang.Object, java.lang.Object, java.lang.Object)'> (0x00000000a63af9a0) 
thrown [s\open\src\hotspot\share\interpreter\linkResolver.cpp, line 774]

VM Operations (20 events):
Event: 2.025 Executing VM operation: G1TryInitiateConcMark done
Event: 2.043 Executing VM operation: G1TryInitiateConcMark
Event: 2.044 Executing VM operation: G1TryInitiateConcMark done
Event: 2.048 Executing VM operation: G1PauseRemark
Event: 2.049 Executing VM operation: G1PauseRemark done
Event: 2.051 Executing VM operation: G1PauseCleanup
Event: 2.052 Executing VM operation: G1PauseCleanup done
Event: 2.056 Executing VM operation: G1TryInitiateConcMark
Event: 2.057 Executing VM operation: G1TryInitiateConcMark done
Event: 2.060 Executing VM operation: G1PauseRemark
Event: 2.060 Executing VM operation: G1PauseRemark done
Event: 2.062 Executing VM operation: G1PauseCleanup
Event: 2.062 Executing VM operation: G1PauseCleanup done
Event: 2.063 Executing VM operation: G1TryInitiateConcMark
Event: 2.064 Executing VM operation: G1TryInitiateConcMark done
Event: 2.067 Executing VM operation: G1PauseRemark
Event: 2.068 Executing VM operation: G1PauseRemark done
Event: 2.069 Executing VM operation: G1PauseCleanup
Event: 2.069 Executing VM operation: G1PauseCleanup done
Event: 2.072 Executing VM operation: G1TryInitiateConcMark

Events (20 events):
Event: 0.059 Thread 0x000001bb7c4e1ba0 Thread added: 0x000001bb7c4e1ba0
Event: 0.060 Thread 0x000001bb7c4e5b10 Thread added: 0x000001bb7c4e5b10
Event: 0.061 Thread 0x000001bb7c4ea8d0 Thread added: 0x000001bb7c4ea8d0
Event: 0.062 Thread 0x000001bb7c4f53a0 Thread added: 0x000001bb7c4f53a0
Event: 0.063 Thread 0x000001bb7c553c50 Thread added: 0x000001bb7c553c50
Event: 0.105 Thread 0x000001bb7c4afad0 Thread added: 0x000001bb7c4afad0
Event: 0.181 Thread 0x000001bb7c79f1d0 Thread added: 0x000001bb7c79f1d0
Event: 0.186 Thread 0x000001bb7c7cebd0 Thread added: 0x000001bb7c7cebd0
Event: 0.274 Thread 0x000001bb7c727e00 Thread added: 0x000001bb7c727e00
Event: 0.276 Thread 0x000001bb7ceb1f80 Thread added: 0x000001bb7ceb1f80
Event: 0.617 Thread 0x000001bb7c7cebd0 Thread exited: 0x000001bb7c7cebd0
Event: 0.624 Thread 0x000001bb7c79f1d0 Thread exited: 0x000001bb7c79f1d0
Event: 0.664 Thread 0x000001bb7d22a040 Thread added: 0x000001bb7d22a040
Event: 0.736 Thread 0x000001bb7d2f33c0 Thread added: 0x000001bb7d2f33c0
Event: 0.741 Thread 0x000001bb7d2aab00 Thread added: 0x000001bb7d2aab00
Event: 1.084 Thread 0x000001bb7d2f43d0 Thread added: 0x000001bb7d2f43d0
Event: 1.089 Thread 0x000001bb7d5422f0 Thread added: 0x000001bb7d5422f0
Event: 1.212 Thread 0x000001bb7d6a8240 Thread added: 0x000001bb7d6a8240
Event: 1.229 Thread 0x000001bb7d30eb80 Thread added: 0x000001bb7d30eb80
Event: 1.770 Thread 0x000001bb7d5422f0 Thread exited: 0x000001bb7d5422f0


Dynamic libraries:
0x00007ff6b8980000 - 0x00007ff6b8990000 	C:\Program Files\Java\jdk-19\bin\java.exe
0x00007ffff75f0000 - 0x00007ffff77e6000 	C:\Windows\SYSTEM32\ntdll.dll
0x00007ffff6260000 - 0x00007ffff631d000 	C:\Windows\System32\KERNEL32.DLL
0x00007ffff4f20000 - 0x00007ffff51e8000 	C:\Windows\System32\KERNELBASE.dll
0x00007ffff4d00000 - 0x00007ffff4e00000 	C:\Windows\System32\ucrtbase.dll
0x00007fffea260000 - 0x00007fffea278000 	C:\Program Files\Java\jdk-19\bin\jli.dll
0x00007ffff5620000 - 0x00007ffff56cc000 	C:\Windows\System32\ADVAPI32.dll
0x00007fffeed30000 - 0x00007fffeed4b000 	C:\Program Files\Java\jdk-19\bin\VCRUNTIME140.dll
0x00007ffff6160000 - 0x00007ffff61fe000 	C:\Windows\System32\msvcrt.dll
0x00007ffff6d90000 - 0x00007ffff6e2b000 	C:\Windows\System32\sechost.dll
0x00007ffff56d0000 - 0x00007ffff57f4000 	C:\Windows\System32\RPCRT4.dll
0x00007ffff5e70000 - 0x00007ffff6010000 	C:\Windows\System32\USER32.dll
0x00007ffff5410000 - 0x00007ffff5432000 	C:\Windows\System32\win32u.dll
0x00007fffe43e0000 - 0x00007fffe467b000 	C:\Windows\WinSxS\amd64_microsoft.windows.common-controls_6595b64144ccf1df_6.0.19041.488_none_ca04af081b815d21\COMCTL32.dll
0x00007ffff6b50000 - 0x00007ffff6b7a000 	C:\Windows\System32\GDI32.dll
0x00007ffff5300000 - 0x00007ffff5409000 	C:\Windows\System32\gdi32full.dll
0x00007ffff4e00000 - 0x00007ffff4e9d000 	C:\Windows\System32\msvcp_win.dll
0x00007fffedbd0000 - 0x00007fffedbda000 	C:\Windows\SYSTEM32\VERSION.dll
0x00007ffff6b80000 - 0x00007ffff6bb0000 	C:\Windows\System32\IMM32.DLL
0x00007ffff0af0000 - 0x00007ffff0afc000 	C:\Program Files\Java\jdk-19\bin\vcruntime140_1.dll
0x00007fffd66d0000 - 0x00007fffd675e000 	C:\Program Files\Java\jdk-19\bin\msvcp140.dll
0x00007fff72ff0000 - 0x00007fff73cb0000 	C:\Program Files\Java\jdk-19\bin\server\jvm.dll
0x00007fffef530000 - 0x00007fffef539000 	C:\Windows\SYSTEM32\WSOCK32.dll
0x00007fffeaa70000 - 0x00007fffeaa97000 	C:\Windows\SYSTEM32\WINMM.dll
0x00007ffff6850000 - 0x00007ffff68bb000 	C:\Windows\System32\WS2_32.dll
0x00007ffff2c50000 - 0x00007ffff2c62000 	C:\Windows\SYSTEM32\kernel.appcore.dll
0x00007ffff0890000 - 0x00007ffff089a000 	C:\Program Files\Java\jdk-19\bin\jimage.dll
0x00007fffdffa0000 - 0x00007fffe0184000 	C:\Windows\SYSTEM32\DBGHELP.DLL
0x00007fffdff70000 - 0x00007fffdff9c000 	C:\Windows\SYSTEM32\dbgcore.DLL
0x00007ffff4ea0000 - 0x00007ffff4f1f000 	C:\Windows\System32\bcryptPrimitives.dll
0x00007fffe38a0000 - 0x00007fffe38ae000 	C:\Program Files\Java\jdk-19\bin\instrument.dll
0x00007fffe3850000 - 0x00007fffe3876000 	C:\Program Files\Java\jdk-19\bin\java.dll
0x00007fffd65c0000 - 0x00007fffd6697000 	C:\Program Files\Java\jdk-19\bin\jsvml.dll
0x00007ffff6e30000 - 0x00007ffff7571000 	C:\Windows\System32\SHELL32.dll
0x00007ffff2e50000 - 0x00007ffff35e5000 	C:\Windows\SYSTEM32\windows.storage.dll
0x00007ffff64f0000 - 0x00007ffff6845000 	C:\Windows\System32\combase.dll
0x00007ffff4770000 - 0x00007ffff479c000 	C:\Windows\SYSTEM32\Wldp.dll
0x00007ffff60b0000 - 0x00007ffff615e000 	C:\Windows\System32\SHCORE.dll
0x00007ffff6200000 - 0x00007ffff6255000 	C:\Windows\System32\shlwapi.dll
0x00007ffff4c30000 - 0x00007ffff4c56000 	C:\Windows\SYSTEM32\profapi.dll
0x00007fffe36c0000 - 0x00007fffe36d3000 	C:\Program Files\Java\jdk-19\bin\net.dll
0x00007fffe61a0000 - 0x00007fffe62a0000 	C:\Windows\SYSTEM32\WINHTTP.dll
0x00007ffff44f0000 - 0x00007ffff455a000 	C:\Windows\system32\mswsock.dll
0x00007fffe35b0000 - 0x00007fffe35c6000 	C:\Program Files\Java\jdk-19\bin\nio.dll
0x00007fffe3590000 - 0x00007fffe35a8000 	C:\Program Files\Java\jdk-19\bin\zip.dll
0x00007fffe2e60000 - 0x00007fffe2e7a000 	C:\Program Files\JetBrains\IntelliJ IDEA Community Edition 2022.3.2\bin\breakgen64.dll
0x000001bb5cf90000 - 0x000001bb5cf93000 	C:\Users\Поля\.openjfx\cache\19+11\amd64\api-ms-win-core-console-l1-1-0.dll
0x000001bb5cfa0000 - 0x000001bb5cfa3000 	C:\Users\Поля\.openjfx\cache\19+11\amd64\api-ms-win-core-console-l1-2-0.dll
0x000001bb5cfb0000 - 0x000001bb5cfb3000 	C:\Users\Поля\.openjfx\cache\19+11\amd64\api-ms-win-core-datetime-l1-1-0.dll
0x000001bb5ef20000 - 0x000001bb5ef23000 	C:\Users\Поля\.openjfx\cache\19+11\amd64\api-ms-win-core-debug-l1-1-0.dll
0x000001bb5ef30000 - 0x000001bb5ef33000 	C:\Users\Поля\.openjfx\cache\19+11\amd64\api-ms-win-core-errorhandling-l1-1-0.dll
0x000001bb5ef40000 - 0x000001bb5ef44000 	C:\Users\Поля\.openjfx\cache\19+11\amd64\api-ms-win-core-file-l1-1-0.dll
0x000001bb5ef50000 - 0x000001bb5ef53000 	C:\Users\Поля\.openjfx\cache\19+11\amd64\api-ms-win-core-file-l1-2-0.dll
0x000001bb5ef60000 - 0x000001bb5ef63000 	C:\Users\Поля\.openjfx\cache\19+11\amd64\api-ms-win-core-file-l2-1-0.dll
0x000001bb7e250000 - 0x000001bb7e253000 	C:\Users\Поля\.openjfx\cache\19+11\amd64\api-ms-win-core-handle-l1-1-0.dll
0x000001bb7e260000 - 0x000001bb7e263000 	C:\Users\Поля\.openjfx\cache\19+11\amd64\api-ms-win-core-heap-l1-1-0.dll
0x000001bb7e270000 - 0x000001bb7e273000 	C:\Users\Поля\.openjfx\cache\19+11\amd64\api-ms-win-core-interlocked-l1-1-0.dll
0x000001bb7e280000 - 0x000001bb7e283000 	C:\Users\Поля\.openjfx\cache\19+11\amd64\api-ms-win-core-libraryloader-l1-1-0.dll
0x000001bb7e290000 - 0x000001bb7e293000 	C:\Users\Поля\.openjfx\cache\19+11\amd64\api-ms-win-core-localization-l1-2-0.dll
0x000001bb7e2a0000 - 0x000001bb7e2a3000 	C:\Users\Поля\.openjfx\cache\19+11\amd64\api-ms-win-core-memory-l1-1-0.dll
0x000001bb7e2b0000 - 0x000001bb7e2b3000 	C:\Users\Поля\.openjfx\cache\19+11\amd64\api-ms-win-core-namedpipe-l1-1-0.dll
0x000001bb7e2c0000 - 0x000001bb7e2c3000 	C:\Users\Поля\.openjfx\cache\19+11\amd64\api-ms-win-core-processenvironment-l1-1-0.dll
0x000001bb7e2d0000 - 0x000001bb7e2d3000 	C:\Users\Поля\.openjfx\cache\19+11\amd64\api-ms-win-core-processthreads-l1-1-0.dll
0x000001bb7e2e0000 - 0x000001bb7e2e3000 	C:\Users\Поля\.openjfx\cache\19+11\amd64\api-ms-win-core-processthreads-l1-1-1.dll
0x000001bb7e2f0000 - 0x000001bb7e2f3000 	C:\Users\Поля\.openjfx\cache\19+11\amd64\api-ms-win-core-profile-l1-1-0.dll
0x000001bb7e300000 - 0x000001bb7e303000 	C:\Users\Поля\.openjfx\cache\19+11\amd64\api-ms-win-core-rtlsupport-l1-1-0.dll
0x000001bb7e310000 - 0x000001bb7e313000 	C:\Users\Поля\.openjfx\cache\19+11\amd64\api-ms-win-core-string-l1-1-0.dll
0x000001bb7e320000 - 0x000001bb7e323000 	C:\Users\Поля\.openjfx\cache\19+11\amd64\api-ms-win-core-synch-l1-1-0.dll
0x000001bb7e330000 - 0x000001bb7e333000 	C:\Users\Поля\.openjfx\cache\19+11\amd64\api-ms-win-core-synch-l1-2-0.dll
0x000001bb7e340000 - 0x000001bb7e343000 	C:\Users\Поля\.openjfx\cache\19+11\amd64\api-ms-win-core-sysinfo-l1-1-0.dll
0x000001bb7e350000 - 0x000001bb7e353000 	C:\Users\Поля\.openjfx\cache\19+11\amd64\api-ms-win-core-timezone-l1-1-0.dll
0x000001bb7e360000 - 0x000001bb7e363000 	C:\Users\Поля\.openjfx\cache\19+11\amd64\api-ms-win-core-util-l1-1-0.dll
0x000001bb7e370000 - 0x000001bb7e373000 	C:\Users\Поля\.openjfx\cache\19+11\amd64\api-ms-win-crt-conio-l1-1-0.dll
0x000001bb7e380000 - 0x000001bb7e384000 	C:\Users\Поля\.openjfx\cache\19+11\amd64\api-ms-win-crt-convert-l1-1-0.dll
0x000001bb7e390000 - 0x000001bb7e393000 	C:\Users\Поля\.openjfx\cache\19+11\amd64\api-ms-win-crt-environment-l1-1-0.dll
0x000001bb7e3a0000 - 0x000001bb7e3a3000 	C:\Users\Поля\.openjfx\cache\19+11\amd64\api-ms-win-crt-filesystem-l1-1-0.dll
0x000001bb7e3b0000 - 0x000001bb7e3b3000 	C:\Users\Поля\.openjfx\cache\19+11\amd64\api-ms-win-crt-heap-l1-1-0.dll
0x000001bb7e3c0000 - 0x000001bb7e3c3000 	C:\Users\Поля\.openjfx\cache\19+11\amd64\api-ms-win-crt-locale-l1-1-0.dll
0x000001bb7e3d0000 - 0x000001bb7e3d5000 	C:\Users\Поля\.openjfx\cache\19+11\amd64\api-ms-win-crt-math-l1-1-0.dll
0x000001bb7e3e0000 - 0x000001bb7e3e5000 	C:\Users\Поля\.openjfx\cache\19+11\amd64\api-ms-win-crt-multibyte-l1-1-0.dll
0x000001bb7e3f0000 - 0x000001bb7e400000 	C:\Users\Поля\.openjfx\cache\19+11\amd64\api-ms-win-crt-private-l1-1-0.dll
0x000001bb7e400000 - 0x000001bb7e403000 	C:\Users\Поля\.openjfx\cache\19+11\amd64\api-ms-win-crt-process-l1-1-0.dll
0x000001bb7e410000 - 0x000001bb7e414000 	C:\Users\Поля\.openjfx\cache\19+11\amd64\api-ms-win-crt-runtime-l1-1-0.dll
0x000001bb7e420000 - 0x000001bb7e424000 	C:\Users\Поля\.openjfx\cache\19+11\amd64\api-ms-win-crt-stdio-l1-1-0.dll
0x000001bb7e430000 - 0x000001bb7e434000 	C:\Users\Поля\.openjfx\cache\19+11\amd64\api-ms-win-crt-string-l1-1-0.dll
0x000001bb7e440000 - 0x000001bb7e443000 	C:\Users\Поля\.openjfx\cache\19+11\amd64\api-ms-win-crt-time-l1-1-0.dll
0x000001bb7e450000 - 0x000001bb7e453000 	C:\Users\Поля\.openjfx\cache\19+11\amd64\api-ms-win-crt-utility-l1-1-0.dll
0x00007fffcdf90000 - 0x00007fffce08c000 	C:\Users\Поля\.openjfx\cache\19+11\amd64\ucrtbase.dll
0x00007fffe2e40000 - 0x00007fffe2e5b000 	C:\Users\Поля\.openjfx\cache\19+11\amd64\vcruntime140.dll
0x00007fffe2e30000 - 0x00007fffe2e3c000 	C:\Users\Поля\.openjfx\cache\19+11\amd64\vcruntime140_1.dll
0x00007fffd12d0000 - 0x00007fffd135e000 	C:\Users\Поля\.openjfx\cache\19+11\amd64\msvcp140.dll
0x00007fffe2d00000 - 0x00007fffe2d09000 	C:\Users\Поля\.openjfx\cache\19+11\amd64\msvcp140_1.dll
0x00007fffe2cd0000 - 0x00007fffe2d00000 	C:\Users\Поля\.openjfx\cache\19+11\amd64\msvcp140_2.dll
0x00007fffd1c20000 - 0x00007fffd1c4c000 	C:\Users\Поля\.openjfx\cache\19+11\amd64\prism_d3d.dll
0x00007fffe99a0000 - 0x00007fffe9b6e000 	C:\Windows\system32\d3d9.dll
0x00007ffff2960000 - 0x00007ffff298f000 	C:\Windows\SYSTEM32\dwmapi.dll
0x00007ffff2770000 - 0x00007ffff280e000 	C:\Windows\system32\uxtheme.dll
0x00007fffeaaa0000 - 0x00007fffeac7b000 	C:\Windows\System32\DriverStore\FileRepository\u0361313.inf_amd64_07132764fbaf152d\B361334\aticfx64.dll
0x00007fffe2d80000 - 0x00007fffe2db3000 	C:\Windows\System32\DriverStore\FileRepository\u0361313.inf_amd64_07132764fbaf152d\B361334\atiu9p64.dll
0x00007fff71280000 - 0x00007fff71f16000 	C:\Windows\System32\DriverStore\FileRepository\u0361313.inf_amd64_07132764fbaf152d\B361334\atiumd64.dll
0x00007ffff5800000 - 0x00007ffff592a000 	C:\Windows\System32\ole32.dll
0x00000000760a0000 - 0x0000000076f19000 	C:\Windows\System32\DriverStore\FileRepository\u0361313.inf_amd64_07132764fbaf152d\B361334\atiumd6a.dll
0x00007ffff4300000 - 0x00007ffff434b000 	C:\Windows\SYSTEM32\POWRPROF.dll
0x00007ffff4170000 - 0x00007ffff4182000 	C:\Windows\SYSTEM32\UMPDC.dll
0x00007fffea550000 - 0x00007fffea57f000 	C:\Windows\SYSTEM32\amdihk64.dll
0x00007fffd1bd0000 - 0x00007fffd1c12000 	C:\Users\Поля\.openjfx\cache\19+11\amd64\glass.dll
0x00007ffff6cb0000 - 0x00007ffff6d8a000 	C:\Windows\System32\COMDLG32.dll
0x00007ffff68c0000 - 0x00007ffff698d000 	C:\Windows\System32\OLEAUT32.dll
0x00007ffff63d0000 - 0x00007ffff64e5000 	C:\Windows\System32\MSCTF.dll
0x00007fffeb260000 - 0x00007fffeb29b000 	C:\Windows\SYSTEM32\dxcore.dll
0x00007ffff5470000 - 0x00007ffff54be000 	C:\Windows\System32\cfgmgr32.dll

dbghelp: loaded successfully - version: 4.0.5 - missing functions: none
symbol engine: initialized successfully - sym options: 0x614 - pdb path: .;C:\Program Files\Java\jdk-19\bin;C:\Windows\SYSTEM32;C:\Windows\WinSxS\amd64_microsoft.windows.common-controls_6595b64144ccf1df_6.0.19041.488_none_ca04af081b815d21;C:\Program Files\Java\jdk-19\bin\server;C:\Program Files\JetBrains\IntelliJ IDEA Community Edition 2022.3.2\bin;C:\Users\Поля\.openjfx\cache\19+11\amd64;C:\Windows\System32\DriverStore\FileRepository\u0361313.inf_amd64_07132764fbaf152d\B361334

VM Arguments:
jvm_args: -javaagent:C:\Program Files\JetBrains\IntelliJ IDEA Community Edition 2022.3.2\lib\idea_rt.jar=65430:C:\Program Files\JetBrains\IntelliJ IDEA Community Edition 2022.3.2\bin -Dfile.encoding=UTF-8 -Dsun.stdout.encoding=UTF-8 -Dsun.stderr.encoding=UTF-8 --module-path=C:\Users\Поля\.m2\repository\com\dlsc\formsfx\formsfx-core\11.5.0\formsfx-core-11.5.0.jar;D:\JAVAPROG\Kurs3\engineeringandArchitecture\sortingLaba1\target\classes;C:\Users\Поля\.m2\repository\org\openjfx\javafx-base\19\javafx-base-19-win.jar;C:\Users\Поля\.m2\repository\org\openjfx\javafx-graphics\19\javafx-graphics-19-win.jar;C:\Users\Поля\.m2\repository\org\openjfx\javafx-controls\19\javafx-controls-19-win.jar;C:\Users\Поля\.m2\repository\org\openjfx\javafx-fxml\19\javafx-fxml-19-win.jar;C:\Users\Поля\.m2\repository\org\controlsfx\controlsfx\11.1.2\controlsfx-11.1.2.jar;C:\Users\Поля\.m2\repository\org\kordamp\bootstrapfx\bootstrapfx-core\0.4.0\bootstrapfx-core-0.4.0.jar -Djdk.module.main=sorting.laba1.sortinglaba1 
java_command: sorting.laba1.sortinglaba1/sorting.laba1.sortinglaba1.DiceGame
java_class_path (initial): C:\Users\Поля\.m2\repository\org\openjfx\javafx-controls\19\javafx-controls-19.jar;C:\Users\Поля\.m2\repository\org\openjfx\javafx-graphics\19\javafx-graphics-19.jar;C:\Users\Поля\.m2\repository\org\openjfx\javafx-base\19\javafx-base-19.jar;C:\Users\Поля\.m2\repository\org\openjfx\javafx-fxml\19\javafx-fxml-19.jar
Launcher Type: SUN_STANDARD

[Global flags]
     intx CICompilerCount                          = 4                                         {product} {ergonomic}
     uint ConcGCThreads                            = 2                                         {product} {ergonomic}
     uint G1ConcRefinementThreads                  = 8                                         {product} {ergonomic}
   size_t G1HeapRegionSize                         = 1048576                                   {product} {ergonomic}
    uintx GCDrainStackTargetSize                   = 64                                        {product} {ergonomic}
   size_t InitialHeapSize                          = 100663296                                 {product} {ergonomic}
   size_t MarkStackSize                            = 4194304                                   {product} {ergonomic}
   size_t MaxHeapSize                              = 1598029824                                {product} {ergonomic}
   size_t MaxNewSize                               = 958398464                                 {product} {ergonomic}
   size_t MinHeapDeltaBytes                        = 1048576                                   {product} {ergonomic}
   size_t MinHeapSize                              = 8388608                                   {product} {ergonomic}
    uintx NonNMethodCodeHeapSize                   = 5839372                                {pd product} {ergonomic}
    uintx NonProfiledCodeHeapSize                  = 122909434                              {pd product} {ergonomic}
    uintx ProfiledCodeHeapSize                     = 122909434                              {pd product} {ergonomic}
    uintx ReservedCodeCacheSize                    = 251658240                              {pd product} {ergonomic}
     bool SegmentedCodeCache                       = true                                      {product} {ergonomic}
   size_t SoftMaxHeapSize                          = 1598029824                             {manageable} {ergonomic}
     bool UseCompressedClassPointers               = true                           {product lp64_product} {ergonomic}
     bool UseCompressedOops                        = true                           {product lp64_product} {ergonomic}
     bool UseG1GC                                  = true                                      {product} {ergonomic}
     bool UseLargePagesIndividualAllocation        = false                                  {pd product} {ergonomic}

Logging:
Log output configuration:
 #0: stdout all=warning uptime,level,tags foldmultilines=false
 #1: stderr all=off uptime,level,tags foldmultilines=false

Environment Variables:
JAVA_HOME=C:\Program Files\Java\jdk-19
PATH=C:\Program Files\Common Files\Oracle\Java\javapath;C:\Windows\system32;C:\Windows;C:\Windows\System32\Wbem;C:\Windows\System32\WindowsPowerShell\v1.0\;C:\Windows\System32\OpenSSH\;C:\Program Files (x86)\NVIDIA Corporation\PhysX\Common;C:\Program Files\Microsoft SQL Server\130\Tools\Binn\;C:\Program Files\Microsoft SQL Server\Client SDK\ODBC\170\Tools\Binn\;C:\Program Files\dotnet\;C:\Program Files\Java\jdk-19\bin;C:\Users\Поля\.m2\repository\com\eclipsesource\j2v8\j2v8_win32_x86_64;C:\Program Files\Git\cmd;C:\Users\Поля\AppData\Local\Microsoft\WindowsApps;C:\Program Files\JetBrains\PyCharm Community Edition 2020.3.5\bin;C:\Program Files\JetBrains\PyCharm 2020.3.5\bin;C:\Users\Поля\.dotnet\tools;D:\Microsoft VS Code\bin;C:\Users\Поля\.dotnet\tools;C:\Users\Поля\.m2\repository\com\eclipsesource\j2v8\j2v8_win32_x86_64;C:\Program Files\Graphviz\bin
USERNAME=Поля
OS=Windows_NT
PROCESSOR_IDENTIFIER=AMD64 Family 23 Model 24 Stepping 1, AuthenticAMD
TMP=C:\Users\DD43~1\AppData\Local\Temp
TEMP=C:\Users\DD43~1\AppData\Local\Temp



---------------  S Y S T E M  ---------------

OS:
 Windows 10 , 64 bit Build 19041 (10.0.19041.546)
OS uptime: 1 days 5:03 hours

CPU: total 8 (initial active 8) (8 cores per cpu, 2 threads per core) family 23 model 24 stepping 1 microcode 0x0, cx8, cmov, fxsr, ht, mmx, 3dnowpref, sse, sse2, sse3, ssse3, sse4a, sse4.1, sse4.2, popcnt, lzcnt, tsc, tscinvbit, avx, avx2, aes, clmul, bmi1, bmi2, adx, sha, fma, vzeroupper, clflush, clflushopt, rdtscp

Memory: 4k page, system-wide physical 6091M (1050M free)
TotalPageFile size 15501M (AvailPageFile size 85M)
current process WorkingSet (physical memory assigned to process): 181M, peak: 181M
current process commit charge ("private bytes"): 390M, peak: 644M

vm_info: Java HotSpot(TM) 64-Bit Server VM (19.0.2+7-44) for windows-amd64 JRE (19.0.2+7-44), built on 2022-11-30T18:02:09Z by "mach5one" with MS VC++ 17.1 (VS2022)

END.
